2021-04-17 02:46:12.408 START: workQueue.size: 0, waited for: 1ms, ChangesDtoUtils.init()
2021-04-17 02:46:12.408 START: workQueue.size: 0, waited for: 1ms, persistenceSessionFactory#init(...)
2021-04-17 02:46:12.409 START: workQueue.size: 0, waited for: 1ms, InteractionDtoUtils.init()
2021-04-17 02:46:12.409 START: workQueue.size: 0, waited for: 2ms, SpecificationLoader#init()
2021-04-17 02:46:12.881 END: completed in: 473ms, ChangesDtoUtils.init()
2021-04-17 02:46:12.881 START: workQueue.size: 0, waited for: 474ms, CommandDtoUtils.init()
2021-04-17 02:46:12.958 END: completed in: 550ms, InteractionDtoUtils.init()
2021-04-17 02:46:12.958 START: workQueue.size: 1, waited for: 293ms, org.apache.isis.core.runtime.system.session.IsisSessionFactory: #introspectUpTo( TYPE_INTROSPECTED )
2021-04-17 02:46:13.008 END: completed in: 127ms, CommandDtoUtils.init()
2021-04-17 02:46:13.008 START: workQueue.size: 1, waited for: 343ms, org.apache.isis.core.runtime.system.persistence.PersistenceSessionFactory: #introspectUpTo( TYPE_INTROSPECTED )
2021-04-17 02:46:13.101 END: completed in: 93ms, org.apache.isis.core.runtime.system.persistence.PersistenceSessionFactory: #introspectUpTo( TYPE_INTROSPECTED )
2021-04-17 02:46:13.101 START: workQueue.size: 1, waited for: 436ms, org.apache.isis.core.metamodel.specloader.SpecificationLoader: #introspectUpTo( TYPE_INTROSPECTED )
2021-04-17 02:46:13.103 END: completed in: 145ms, org.apache.isis.core.runtime.system.session.IsisSessionFactory: #introspectUpTo( TYPE_INTROSPECTED )
2021-04-17 02:46:13.103 START: workQueue.size: 1, waited for: 438ms, org.apache.isis.core.runtime.authorization.standard.AuthorizationManagerStandard: #introspectUpTo( TYPE_INTROSPECTED )
2021-04-17 02:46:13.117 END: completed in: 11ms, org.apache.isis.core.metamodel.specloader.SpecificationLoader: #introspectUpTo( TYPE_INTROSPECTED )
2021-04-17 02:46:13.117 START: workQueue.size: 1, waited for: 452ms, org.apache.isis.core.runtime.authentication.standard.AuthenticationManagerStandard: #introspectUpTo( TYPE_INTROSPECTED )
2021-04-17 02:46:13.140 END: completed in: 37ms, org.apache.isis.core.runtime.authorization.standard.AuthorizationManagerStandard: #introspectUpTo( TYPE_INTROSPECTED )
2021-04-17 02:46:13.146 START: workQueue.size: 1, waited for: 481ms, org.apache.isis.core.commons.config.IsisConfigurationDefault: #introspectUpTo( TYPE_INTROSPECTED )
2021-04-17 02:46:13.147 END: completed in: 30ms, org.apache.isis.core.runtime.authentication.standard.AuthenticationManagerStandard: #introspectUpTo( TYPE_INTROSPECTED )
2021-04-17 02:46:13.147 START: workQueue.size: 1, waited for: 482ms, org.apache.isis.core.runtime.services.deplcat.DeploymentCategoryProviderDefault: #introspectUpTo( TYPE_INTROSPECTED )
2021-04-17 02:46:13.157 END: completed in: 10ms, org.apache.isis.core.runtime.services.deplcat.DeploymentCategoryProviderDefault: #introspectUpTo( TYPE_INTROSPECTED )
2021-04-17 02:46:13.158 START: workQueue.size: 1, waited for: 493ms, org.apache.isis.objectstore.jdo.datanucleus.service.eventbus.EventBusServiceJdo: #introspectUpTo( TYPE_INTROSPECTED )
2021-04-17 02:46:13.173 END: completed in: 15ms, org.apache.isis.objectstore.jdo.datanucleus.service.eventbus.EventBusServiceJdo: #introspectUpTo( TYPE_INTROSPECTED )
2021-04-17 02:46:13.174 START: workQueue.size: 1, waited for: 509ms, org.apache.isis.applib.services.queryresultscache.QueryResultsCache$Control: #introspectUpTo( TYPE_INTROSPECTED )
2021-04-17 02:46:13.190 END: completed in: 44ms, org.apache.isis.core.commons.config.IsisConfigurationDefault: #introspectUpTo( TYPE_INTROSPECTED )
2021-04-17 02:46:13.193 START: workQueue.size: 1, waited for: 528ms, domainapp.modules.simple.dom.impl.SimpleObjects: #introspectUpTo( TYPE_INTROSPECTED )
2021-04-17 02:46:13.203 END: completed in: 29ms, org.apache.isis.applib.services.queryresultscache.QueryResultsCache$Control: #introspectUpTo( TYPE_INTROSPECTED )
2021-04-17 02:46:13.212 START: workQueue.size: 1, waited for: 547ms, domainapp.modules.simple.dom.profesor.ProfesorRepositorio: #introspectUpTo( TYPE_INTROSPECTED )
2021-04-17 02:46:13.236 END: completed in: 24ms, domainapp.modules.simple.dom.profesor.ProfesorRepositorio: #introspectUpTo( TYPE_INTROSPECTED )
2021-04-17 02:46:13.236 START: workQueue.size: 1, waited for: 571ms, org.apache.isis.applib.services.fixturespec.FixtureScriptsDefault: #introspectUpTo( TYPE_INTROSPECTED )
2021-04-17 02:46:13.268 END: completed in: 75ms, domainapp.modules.simple.dom.impl.SimpleObjects: #introspectUpTo( TYPE_INTROSPECTED )
2021-04-17 02:46:13.269 START: workQueue.size: 1, waited for: 604ms, org.apache.isis.applib.services.layout.LayoutServiceMenu: #introspectUpTo( TYPE_INTROSPECTED )
2021-04-17 02:46:13.285 END: completed in: 49ms, org.apache.isis.applib.services.fixturespec.FixtureScriptsDefault: #introspectUpTo( TYPE_INTROSPECTED )
2021-04-17 02:46:13.286 END: completed in: 17ms, org.apache.isis.applib.services.layout.LayoutServiceMenu: #introspectUpTo( TYPE_INTROSPECTED )
2021-04-17 02:46:13.286 START: workQueue.size: 1, waited for: 621ms, org.apache.isis.applib.services.swagger.SwaggerServiceMenu: #introspectUpTo( TYPE_INTROSPECTED )
2021-04-17 02:46:13.293 START: workQueue.size: 1, waited for: 620ms, org.apache.isis.applib.services.metamodel.MetaModelServicesMenu: #introspectUpTo( TYPE_INTROSPECTED )
2021-04-17 02:46:13.298 END: completed in: 11ms, org.apache.isis.applib.services.swagger.SwaggerServiceMenu: #introspectUpTo( TYPE_INTROSPECTED )
2021-04-17 02:46:13.298 START: workQueue.size: 1, waited for: 633ms, org.apache.isis.core.runtime.services.i18n.po.TranslationServicePoMenu: #introspectUpTo( TYPE_INTROSPECTED )
2021-04-17 02:46:13.300 END: completed in: 15ms, org.apache.isis.applib.services.metamodel.MetaModelServicesMenu: #introspectUpTo( TYPE_INTROSPECTED )
2021-04-17 02:46:13.300 START: workQueue.size: 1, waited for: 635ms, org.apache.isis.applib.services.hsqldb.HsqlDbManagerMenu: #introspectUpTo( TYPE_INTROSPECTED )
2021-04-17 02:46:13.311 END: completed in: 13ms, org.apache.isis.core.runtime.services.i18n.po.TranslationServicePoMenu: #introspectUpTo( TYPE_INTROSPECTED )
2021-04-17 02:46:13.311 START: workQueue.size: 1, waited for: 646ms, org.apache.isis.applib.services.config.ConfigurationServiceMenu: #introspectUpTo( TYPE_INTROSPECTED )
2021-04-17 02:46:13.316 END: completed in: 5ms, org.apache.isis.applib.services.config.ConfigurationServiceMenu: #introspectUpTo( TYPE_INTROSPECTED )
2021-04-17 02:46:13.316 START: workQueue.size: 1, waited for: 651ms, org.apache.isis.applib.conmap.ContentMappingServiceForCommandDto$CopyOverFromCommand: #introspectUpTo( TYPE_INTROSPECTED )
2021-04-17 02:46:13.321 END: completed in: 5ms, org.apache.isis.applib.conmap.ContentMappingServiceForCommandDto$CopyOverFromCommand: #introspectUpTo( TYPE_INTROSPECTED )
2021-04-17 02:46:13.321 START: workQueue.size: 1, waited for: 656ms, domainapp.application.fixture.DomainAppFixtureScriptsSpecificationProvider: #introspectUpTo( TYPE_INTROSPECTED )
2021-04-17 02:46:13.324 END: completed in: 24ms, org.apache.isis.applib.services.hsqldb.HsqlDbManagerMenu: #introspectUpTo( TYPE_INTROSPECTED )
2021-04-17 02:46:13.324 START: workQueue.size: 1, waited for: 659ms, domainapp.application.services.health.HealthCheckServiceImpl: #introspectUpTo( TYPE_INTROSPECTED )
2021-04-17 02:46:13.326 END: completed in: 5ms, domainapp.application.fixture.DomainAppFixtureScriptsSpecificationProvider: #introspectUpTo( TYPE_INTROSPECTED )
2021-04-17 02:46:13.326 START: workQueue.size: 1, waited for: 661ms, domainapp.application.services.homepage.HomePageService: #introspectUpTo( TYPE_INTROSPECTED )
2021-04-17 02:46:13.334 END: completed in: 10ms, domainapp.application.services.health.HealthCheckServiceImpl: #introspectUpTo( TYPE_INTROSPECTED )
2021-04-17 02:46:13.339 END: completed in: 13ms, domainapp.application.services.homepage.HomePageService: #introspectUpTo( TYPE_INTROSPECTED )
2021-04-17 02:46:13.340 START: workQueue.size: 1, waited for: 675ms, org.apache.isis.applib.services.dto.DtoMappingHelper: #introspectUpTo( TYPE_INTROSPECTED )
2021-04-17 02:46:13.341 START: workQueue.size: 1, waited for: 676ms, org.apache.isis.core.runtime.services.background.CommandExecutorServiceDefault: #introspectUpTo( TYPE_INTROSPECTED )
2021-04-17 02:46:13.348 END: completed in: 7ms, org.apache.isis.applib.services.dto.DtoMappingHelper: #introspectUpTo( TYPE_INTROSPECTED )
2021-04-17 02:46:13.348 START: workQueue.size: 1, waited for: 683ms, org.apache.isis.core.runtime.services.menubars.MenuBarsLoaderServiceDefault: #introspectUpTo( TYPE_INTROSPECTED )
2021-04-17 02:46:13.349 END: completed in: 8ms, org.apache.isis.core.runtime.services.background.CommandExecutorServiceDefault: #introspectUpTo( TYPE_INTROSPECTED )
2021-04-17 02:46:13.350 START: workQueue.size: 1, waited for: 685ms, org.apache.isis.core.runtime.services.menubars.bootstrap3.MenuBarsServiceBS3: #introspectUpTo( TYPE_INTROSPECTED )
2021-04-17 02:46:13.358 END: completed in: 8ms, org.apache.isis.core.runtime.services.menubars.bootstrap3.MenuBarsServiceBS3: #introspectUpTo( TYPE_INTROSPECTED )
2021-04-17 02:46:13.358 START: workQueue.size: 1, waited for: 693ms, org.apache.isis.core.runtime.services.userprof.UserProfileServiceDefault: #introspectUpTo( TYPE_INTROSPECTED )
2021-04-17 02:46:13.361 END: completed in: 13ms, org.apache.isis.core.runtime.services.menubars.MenuBarsLoaderServiceDefault: #introspectUpTo( TYPE_INTROSPECTED )
2021-04-17 02:46:13.361 START: workQueue.size: 1, waited for: 696ms, org.apache.isis.viewer.restfulobjects.rendering.service.conneg.ContentNegotiationServiceXRoDomainType: #introspectUpTo( TYPE_INTROSPECTED )
2021-04-17 02:46:13.376 END: completed in: 18ms, org.apache.isis.core.runtime.services.userprof.UserProfileServiceDefault: #introspectUpTo( TYPE_INTROSPECTED )
2021-04-17 02:46:13.377 START: workQueue.size: 1, waited for: 712ms, org.apache.isis.viewer.restfulobjects.rendering.service.conneg.ContentNegotiationServiceOrgApacheIsisV1: #introspectUpTo( TYPE_INTROSPECTED )
2021-04-17 02:46:13.380 END: completed in: 19ms, org.apache.isis.viewer.restfulobjects.rendering.service.conneg.ContentNegotiationServiceXRoDomainType: #introspectUpTo( TYPE_INTROSPECTED )
2021-04-17 02:46:13.380 START: workQueue.size: 1, waited for: 715ms, org.apache.isis.core.runtime.services.message.MessageServiceDefault: #introspectUpTo( TYPE_INTROSPECTED )
2021-04-17 02:46:13.388 END: completed in: 8ms, org.apache.isis.core.runtime.services.message.MessageServiceDefault: #introspectUpTo( TYPE_INTROSPECTED )
2021-04-17 02:46:13.388 START: workQueue.size: 1, waited for: 723ms, org.apache.isis.core.runtime.services.persistsession.PersistenceSessionServiceInternalDefault: #introspectUpTo( TYPE_INTROSPECTED )
2021-04-17 02:46:13.405 END: completed in: 16ms, org.apache.isis.core.runtime.services.persistsession.PersistenceSessionServiceInternalDefault: #introspectUpTo( TYPE_INTROSPECTED )
2021-04-17 02:46:13.405 START: workQueue.size: 1, waited for: 740ms, org.apache.isis.applib.annotation.Bulk$InteractionContext: #introspectUpTo( TYPE_INTROSPECTED )
2021-04-17 02:46:13.415 END: completed in: 38ms, org.apache.isis.viewer.restfulobjects.rendering.service.conneg.ContentNegotiationServiceOrgApacheIsisV1: #introspectUpTo( TYPE_INTROSPECTED )
2021-04-17 02:46:13.415 START: workQueue.size: 1, waited for: 750ms, org.apache.isis.applib.conmap.ContentMappingServiceForCommandDto: #introspectUpTo( TYPE_INTROSPECTED )
2021-04-17 02:46:13.419 END: completed in: 4ms, org.apache.isis.applib.conmap.ContentMappingServiceForCommandDto: #introspectUpTo( TYPE_INTROSPECTED )
2021-04-17 02:46:13.419 START: workQueue.size: 1, waited for: 754ms, org.apache.isis.applib.conmap.ContentMappingServiceForCommandsDto: #introspectUpTo( TYPE_INTROSPECTED )
2021-04-17 02:46:13.423 END: completed in: 4ms, org.apache.isis.applib.conmap.ContentMappingServiceForCommandsDto: #introspectUpTo( TYPE_INTROSPECTED )
2021-04-17 02:46:13.423 START: workQueue.size: 1, waited for: 758ms, org.apache.isis.applib.fixturescripts.ExecutionParametersService: #introspectUpTo( TYPE_INTROSPECTED )
2021-04-17 02:46:13.427 END: completed in: 22ms, org.apache.isis.applib.annotation.Bulk$InteractionContext: #introspectUpTo( TYPE_INTROSPECTED )
2021-04-17 02:46:13.427 START: workQueue.size: 1, waited for: 762ms, org.apache.isis.applib.services.actinvoc.ActionInvocationContext: #introspectUpTo( TYPE_INTROSPECTED )
2021-04-17 02:46:13.434 END: completed in: 6ms, org.apache.isis.applib.services.actinvoc.ActionInvocationContext: #introspectUpTo( TYPE_INTROSPECTED )
2021-04-17 02:46:13.434 START: workQueue.size: 1, waited for: 769ms, org.apache.isis.applib.services.audit.AuditerServiceLogging: #introspectUpTo( TYPE_INTROSPECTED )
2021-04-17 02:46:13.439 END: completed in: 16ms, org.apache.isis.applib.fixturescripts.ExecutionParametersService: #introspectUpTo( TYPE_INTROSPECTED )
2021-04-17 02:46:13.439 START: workQueue.size: 1, waited for: 774ms, org.apache.isis.applib.services.classdiscovery.ClassDiscoveryServiceUsingReflections: #introspectUpTo( TYPE_INTROSPECTED )
2021-04-17 02:46:13.444 END: completed in: 10ms, org.apache.isis.applib.services.audit.AuditerServiceLogging: #introspectUpTo( TYPE_INTROSPECTED )
2021-04-17 02:46:13.445 START: workQueue.size: 1, waited for: 780ms, org.apache.isis.applib.services.clock.ClockService: #introspectUpTo( TYPE_INTROSPECTED )
2021-04-17 02:46:13.450 END: completed in: 4ms, org.apache.isis.applib.services.clock.ClockService: #introspectUpTo( TYPE_INTROSPECTED )
2021-04-17 02:46:13.450 START: workQueue.size: 1, waited for: 785ms, org.apache.isis.applib.services.command.CommandContext: #introspectUpTo( TYPE_INTROSPECTED )
2021-04-17 02:46:13.454 END: completed in: 15ms, org.apache.isis.applib.services.classdiscovery.ClassDiscoveryServiceUsingReflections: #introspectUpTo( TYPE_INTROSPECTED )
2021-04-17 02:46:13.455 START: workQueue.size: 1, waited for: 790ms, org.apache.isis.applib.services.iactn.InteractionContext: #introspectUpTo( TYPE_INTROSPECTED )
2021-04-17 02:46:13.459 END: completed in: 4ms, org.apache.isis.applib.services.iactn.InteractionContext: #introspectUpTo( TYPE_INTROSPECTED )
2021-04-17 02:46:13.459 START: workQueue.size: 1, waited for: 794ms, org.apache.isis.applib.services.publish.PublisherServiceLogging: #introspectUpTo( TYPE_INTROSPECTED )
2021-04-17 02:46:13.465 END: completed in: 15ms, org.apache.isis.applib.services.command.CommandContext: #introspectUpTo( TYPE_INTROSPECTED )
2021-04-17 02:46:13.465 START: workQueue.size: 1, waited for: 800ms, org.apache.isis.applib.services.queryresultscache.QueryResultsCache: #introspectUpTo( TYPE_INTROSPECTED )
2021-04-17 02:46:13.470 END: completed in: 5ms, org.apache.isis.applib.services.queryresultscache.QueryResultsCache: #introspectUpTo( TYPE_INTROSPECTED )
2021-04-17 02:46:13.471 START: workQueue.size: 1, waited for: 806ms, org.apache.isis.applib.services.routing.RoutingServiceDefault: #introspectUpTo( TYPE_INTROSPECTED )
2021-04-17 02:46:13.474 END: completed in: 15ms, org.apache.isis.applib.services.publish.PublisherServiceLogging: #introspectUpTo( TYPE_INTROSPECTED )
2021-04-17 02:46:13.475 START: workQueue.size: 1, waited for: 810ms, org.apache.isis.applib.services.scratchpad.Scratchpad: #introspectUpTo( TYPE_INTROSPECTED )
2021-04-17 02:46:13.480 END: completed in: 5ms, org.apache.isis.applib.services.scratchpad.Scratchpad: #introspectUpTo( TYPE_INTROSPECTED )
2021-04-17 02:46:13.480 START: workQueue.size: 1, waited for: 815ms, org.apache.isis.applib.services.tablecol.TableColumnOrderService$Default: #introspectUpTo( TYPE_INTROSPECTED )
2021-04-17 02:46:13.484 END: completed in: 4ms, org.apache.isis.applib.services.tablecol.TableColumnOrderService$Default: #introspectUpTo( TYPE_INTROSPECTED )
2021-04-17 02:46:13.485 START: workQueue.size: 1, waited for: 819ms, org.apache.isis.applib.services.urlencoding.UrlEncodingServiceUsingBaseEncoding: #introspectUpTo( TYPE_INTROSPECTED )
2021-04-17 02:46:13.489 END: completed in: 5ms, org.apache.isis.applib.services.urlencoding.UrlEncodingServiceUsingBaseEncoding: #introspectUpTo( TYPE_INTROSPECTED )
2021-04-17 02:46:13.489 START: workQueue.size: 1, waited for: 824ms, org.apache.isis.core.metamodel.services.appfeat.ApplicationFeatureFactory: #introspectUpTo( TYPE_INTROSPECTED )
2021-04-17 02:46:13.519 END: completed in: 47ms, org.apache.isis.applib.services.routing.RoutingServiceDefault: #introspectUpTo( TYPE_INTROSPECTED )
2021-04-17 02:46:13.519 START: workQueue.size: 1, waited for: 854ms, org.apache.isis.core.metamodel.services.appfeat.ApplicationFeatureRepositoryDefault: #introspectUpTo( TYPE_INTROSPECTED )
2021-04-17 02:46:13.531 END: completed in: 42ms, org.apache.isis.core.metamodel.services.appfeat.ApplicationFeatureFactory: #introspectUpTo( TYPE_INTROSPECTED )
2021-04-17 02:46:13.532 START: workQueue.size: 1, waited for: 866ms, org.apache.isis.core.metamodel.services.bookmarks.BookmarkServiceInternalDefault: #introspectUpTo( TYPE_INTROSPECTED )
2021-04-17 02:46:13.539 END: completed in: 8ms, org.apache.isis.core.metamodel.services.bookmarks.BookmarkServiceInternalDefault: #introspectUpTo( TYPE_INTROSPECTED )
2021-04-17 02:46:13.539 START: workQueue.size: 1, waited for: 874ms, org.apache.isis.core.metamodel.services.config.ConfigurationServiceDefault: #introspectUpTo( TYPE_INTROSPECTED )
2021-04-17 02:46:13.541 END: completed in: 22ms, org.apache.isis.core.metamodel.services.appfeat.ApplicationFeatureRepositoryDefault: #introspectUpTo( TYPE_INTROSPECTED )
2021-04-17 02:46:13.545 END: completed in: 6ms, org.apache.isis.core.metamodel.services.config.ConfigurationServiceDefault: #introspectUpTo( TYPE_INTROSPECTED )
2021-04-17 02:46:13.545 START: workQueue.size: 1, waited for: 880ms, org.apache.isis.core.metamodel.services.container.DomainObjectContainerDefault: #introspectUpTo( TYPE_INTROSPECTED )
2021-04-17 02:46:13.556 START: workQueue.size: 1, waited for: 891ms, org.apache.isis.core.metamodel.services.factory.FactoryServiceInternalDefault: #introspectUpTo( TYPE_INTROSPECTED )
2021-04-17 02:46:13.560 END: completed in: 4ms, org.apache.isis.core.metamodel.services.factory.FactoryServiceInternalDefault: #introspectUpTo( TYPE_INTROSPECTED )
2021-04-17 02:46:13.560 START: workQueue.size: 1, waited for: 895ms, org.apache.isis.core.metamodel.services.grid.GridLoaderServiceDefault: #introspectUpTo( TYPE_INTROSPECTED )
2021-04-17 02:46:13.565 END: completed in: 5ms, org.apache.isis.core.metamodel.services.grid.GridLoaderServiceDefault: #introspectUpTo( TYPE_INTROSPECTED )
2021-04-17 02:46:13.565 START: workQueue.size: 1, waited for: 900ms, org.apache.isis.core.metamodel.services.grid.GridServiceDefault: #introspectUpTo( TYPE_INTROSPECTED )
2021-04-17 02:46:13.570 END: completed in: 5ms, org.apache.isis.core.metamodel.services.grid.GridServiceDefault: #introspectUpTo( TYPE_INTROSPECTED )
2021-04-17 02:46:13.571 START: workQueue.size: 1, waited for: 905ms, org.apache.isis.core.metamodel.services.grid.bootstrap3.GridSystemServiceBS3: #introspectUpTo( TYPE_INTROSPECTED )
2021-04-17 02:46:13.585 END: completed in: 40ms, org.apache.isis.core.metamodel.services.container.DomainObjectContainerDefault: #introspectUpTo( TYPE_INTROSPECTED )
2021-04-17 02:46:13.585 START: workQueue.size: 1, waited for: 920ms, org.apache.isis.core.metamodel.services.layout.LayoutServiceDefault: #introspectUpTo( TYPE_INTROSPECTED )
2021-04-17 02:46:13.589 END: completed in: 4ms, org.apache.isis.core.metamodel.services.layout.LayoutServiceDefault: #introspectUpTo( TYPE_INTROSPECTED )
2021-04-17 02:46:13.590 START: workQueue.size: 1, waited for: 924ms, org.apache.isis.core.metamodel.services.message.MessageServiceNoop: #introspectUpTo( TYPE_INTROSPECTED )
2021-04-17 02:46:13.594 END: completed in: 5ms, org.apache.isis.core.metamodel.services.message.MessageServiceNoop: #introspectUpTo( TYPE_INTROSPECTED )
2021-04-17 02:46:13.594 START: workQueue.size: 1, waited for: 929ms, org.apache.isis.core.metamodel.services.metamodel.MetaModelServiceDefault: #introspectUpTo( TYPE_INTROSPECTED )
2021-04-17 02:46:13.598 END: completed in: 28ms, org.apache.isis.core.metamodel.services.grid.bootstrap3.GridSystemServiceBS3: #introspectUpTo( TYPE_INTROSPECTED )
2021-04-17 02:46:13.598 START: workQueue.size: 1, waited for: 933ms, org.apache.isis.core.metamodel.services.persistsession.PersistenceSessionServiceInternalNoop: #introspectUpTo( TYPE_INTROSPECTED )
2021-04-17 02:46:13.602 END: completed in: 8ms, org.apache.isis.core.metamodel.services.metamodel.MetaModelServiceDefault: #introspectUpTo( TYPE_INTROSPECTED )
2021-04-17 02:46:13.602 START: workQueue.size: 1, waited for: 937ms, org.apache.isis.core.metamodel.services.registry.ServiceRegistryDefault: #introspectUpTo( TYPE_INTROSPECTED )
2021-04-17 02:46:13.632 END: completed in: 30ms, org.apache.isis.core.metamodel.services.registry.ServiceRegistryDefault: #introspectUpTo( TYPE_INTROSPECTED )
2021-04-17 02:46:13.632 START: workQueue.size: 1, waited for: 967ms, org.apache.isis.core.metamodel.services.repository.RepositoryServiceInternalDefault: #introspectUpTo( TYPE_INTROSPECTED )
2021-04-17 02:46:13.644 END: completed in: 46ms, org.apache.isis.core.metamodel.services.persistsession.PersistenceSessionServiceInternalNoop: #introspectUpTo( TYPE_INTROSPECTED )
2021-04-17 02:46:13.644 START: workQueue.size: 1, waited for: 979ms, org.apache.isis.core.metamodel.services.swagger.SwaggerServiceDefault: #introspectUpTo( TYPE_INTROSPECTED )
2021-04-17 02:46:13.649 END: completed in: 5ms, org.apache.isis.core.metamodel.services.swagger.SwaggerServiceDefault: #introspectUpTo( TYPE_INTROSPECTED )
2021-04-17 02:46:13.649 START: workQueue.size: 1, waited for: 984ms, org.apache.isis.core.metamodel.services.title.TitleServiceDefault: #introspectUpTo( TYPE_INTROSPECTED )
2021-04-17 02:46:13.653 END: completed in: 4ms, org.apache.isis.core.metamodel.services.title.TitleServiceDefault: #introspectUpTo( TYPE_INTROSPECTED )
2021-04-17 02:46:13.653 START: workQueue.size: 1, waited for: 988ms, org.apache.isis.core.metamodel.services.user.UserServiceDefault: #introspectUpTo( TYPE_INTROSPECTED )
2021-04-17 02:46:13.659 END: completed in: 27ms, org.apache.isis.core.metamodel.services.repository.RepositoryServiceInternalDefault: #introspectUpTo( TYPE_INTROSPECTED )
2021-04-17 02:46:13.672 START: workQueue.size: 1, waited for: 1007ms, org.apache.isis.core.metamodel.services.user.UserServiceDefault$SudoServiceSpi: #introspectUpTo( TYPE_INTROSPECTED )
2021-04-17 02:46:13.681 END: completed in: 9ms, org.apache.isis.core.metamodel.services.user.UserServiceDefault$SudoServiceSpi: #introspectUpTo( TYPE_INTROSPECTED )
2021-04-17 02:46:13.681 START: workQueue.size: 1, waited for: 1016ms, org.apache.isis.core.metamodel.services.xactn.TransactionServiceDefault: #introspectUpTo( TYPE_INTROSPECTED )
2021-04-17 02:46:13.682 END: completed in: 29ms, org.apache.isis.core.metamodel.services.user.UserServiceDefault: #introspectUpTo( TYPE_INTROSPECTED )
2021-04-17 02:46:13.683 START: workQueue.size: 1, waited for: 1018ms, org.apache.isis.core.runtime.services.auditing.AuditingServiceInternal: #introspectUpTo( TYPE_INTROSPECTED )
2021-04-17 02:46:13.687 END: completed in: 6ms, org.apache.isis.core.metamodel.services.xactn.TransactionServiceDefault: #introspectUpTo( TYPE_INTROSPECTED )
2021-04-17 02:46:13.688 START: workQueue.size: 1, waited for: 1023ms, org.apache.isis.core.runtime.services.authsess.AuthenticationSessionProviderDefault: #introspectUpTo( TYPE_INTROSPECTED )
2021-04-17 02:46:13.693 END: completed in: 5ms, org.apache.isis.core.runtime.services.authsess.AuthenticationSessionProviderDefault: #introspectUpTo( TYPE_INTROSPECTED )
2021-04-17 02:46:13.693 START: workQueue.size: 1, waited for: 1028ms, org.apache.isis.core.runtime.services.background.BackgroundServiceDefault: #introspectUpTo( TYPE_INTROSPECTED )
2021-04-17 02:46:13.693 END: completed in: 10ms, org.apache.isis.core.runtime.services.auditing.AuditingServiceInternal: #introspectUpTo( TYPE_INTROSPECTED )
2021-04-17 02:46:13.694 START: workQueue.size: 1, waited for: 1029ms, org.apache.isis.core.runtime.services.changes.ChangedObjectsServiceInternal: #introspectUpTo( TYPE_INTROSPECTED )
2021-04-17 02:46:13.698 END: completed in: 5ms, org.apache.isis.core.runtime.services.background.BackgroundServiceDefault: #introspectUpTo( TYPE_INTROSPECTED )
2021-04-17 02:46:13.699 START: workQueue.size: 1, waited for: 1034ms, org.apache.isis.core.runtime.services.command.CommandDtoServiceInternalDefault: #introspectUpTo( TYPE_INTROSPECTED )
2021-04-17 02:46:13.698 END: completed in: 4ms, org.apache.isis.core.runtime.services.changes.ChangedObjectsServiceInternal: #introspectUpTo( TYPE_INTROSPECTED )
2021-04-17 02:46:13.703 START: workQueue.size: 1, waited for: 1038ms, org.apache.isis.core.runtime.services.command.CommandServiceDefault: #introspectUpTo( TYPE_INTROSPECTED )
2021-04-17 02:46:13.704 END: completed in: 5ms, org.apache.isis.core.runtime.services.command.CommandDtoServiceInternalDefault: #introspectUpTo( TYPE_INTROSPECTED )
2021-04-17 02:46:13.706 START: workQueue.size: 1, waited for: 1041ms, org.apache.isis.core.runtime.services.email.EmailServiceDefault: #introspectUpTo( TYPE_INTROSPECTED )
2021-04-17 02:46:13.710 END: completed in: 4ms, org.apache.isis.core.runtime.services.email.EmailServiceDefault: #introspectUpTo( TYPE_INTROSPECTED )
2021-04-17 02:46:13.710 START: workQueue.size: 1, waited for: 1045ms, org.apache.isis.core.runtime.services.homepage.HomePageProviderServiceDefault: #introspectUpTo( TYPE_INTROSPECTED )
2021-04-17 02:46:13.711 END: completed in: 8ms, org.apache.isis.core.runtime.services.command.CommandServiceDefault: #introspectUpTo( TYPE_INTROSPECTED )
2021-04-17 02:46:13.712 START: workQueue.size: 1, waited for: 1046ms, org.apache.isis.core.runtime.services.i18n.po.TranslationServicePo: #introspectUpTo( TYPE_INTROSPECTED )
2021-04-17 02:46:13.714 END: completed in: 4ms, org.apache.isis.core.runtime.services.homepage.HomePageProviderServiceDefault: #introspectUpTo( TYPE_INTROSPECTED )
2021-04-17 02:46:13.715 START: workQueue.size: 1, waited for: 1050ms, org.apache.isis.core.runtime.services.ixn.InteractionDtoServiceInternalDefault: #introspectUpTo( TYPE_INTROSPECTED )
2021-04-17 02:46:13.717 END: completed in: 6ms, org.apache.isis.core.runtime.services.i18n.po.TranslationServicePo: #introspectUpTo( TYPE_INTROSPECTED )
2021-04-17 02:46:13.717 START: workQueue.size: 1, waited for: 1052ms, org.apache.isis.core.runtime.services.memento.MementoServiceDefault: #introspectUpTo( TYPE_INTROSPECTED )
2021-04-17 02:46:13.724 END: completed in: 9ms, org.apache.isis.core.runtime.services.ixn.InteractionDtoServiceInternalDefault: #introspectUpTo( TYPE_INTROSPECTED )
2021-04-17 02:46:13.724 START: workQueue.size: 1, waited for: 1059ms, org.apache.isis.core.runtime.services.metrics.MetricsServiceDefault: #introspectUpTo( TYPE_INTROSPECTED )
2021-04-17 02:46:13.728 END: completed in: 11ms, org.apache.isis.core.runtime.services.memento.MementoServiceDefault: #introspectUpTo( TYPE_INTROSPECTED )
2021-04-17 02:46:13.728 START: workQueue.size: 1, waited for: 1063ms, org.apache.isis.core.runtime.services.publish.PublishingServiceInternalDefault: #introspectUpTo( TYPE_INTROSPECTED )
2021-04-17 02:46:13.732 END: completed in: 4ms, org.apache.isis.core.runtime.services.publish.PublishingServiceInternalDefault: #introspectUpTo( TYPE_INTROSPECTED )
2021-04-17 02:46:13.733 START: workQueue.size: 1, waited for: 1068ms, org.apache.isis.core.runtime.services.sessmgmt.SessionManagementServiceDefault: #introspectUpTo( TYPE_INTROSPECTED )
2021-04-17 02:46:13.735 END: completed in: 10ms, org.apache.isis.core.runtime.services.metrics.MetricsServiceDefault: #introspectUpTo( TYPE_INTROSPECTED )
2021-04-17 02:46:13.735 START: workQueue.size: 1, waited for: 1070ms, org.apache.isis.core.runtime.services.sudo.SudoServiceDefault: #introspectUpTo( TYPE_INTROSPECTED )
2021-04-17 02:46:13.740 END: completed in: 7ms, org.apache.isis.core.runtime.services.sessmgmt.SessionManagementServiceDefault: #introspectUpTo( TYPE_INTROSPECTED )
2021-04-17 02:46:13.740 START: workQueue.size: 1, waited for: 1075ms, org.apache.isis.core.runtime.services.userreg.EmailNotificationServiceDefault: #introspectUpTo( TYPE_INTROSPECTED )
2021-04-17 02:46:13.744 END: completed in: 9ms, org.apache.isis.core.runtime.services.sudo.SudoServiceDefault: #introspectUpTo( TYPE_INTROSPECTED )
2021-04-17 02:46:13.748 START: workQueue.size: 1, waited for: 1083ms, org.apache.isis.core.runtime.services.xmlsnapshot.XmlSnapshotServiceDefault: #introspectUpTo( TYPE_INTROSPECTED )
2021-04-17 02:46:13.753 END: completed in: 13ms, org.apache.isis.core.runtime.services.userreg.EmailNotificationServiceDefault: #introspectUpTo( TYPE_INTROSPECTED )
2021-04-17 02:46:13.758 END: completed in: 10ms, org.apache.isis.core.runtime.services.xmlsnapshot.XmlSnapshotServiceDefault: #introspectUpTo( TYPE_INTROSPECTED )
2021-04-17 02:46:13.758 START: workQueue.size: 1, waited for: 1093ms, org.apache.isis.core.wrapper.WrapperFactoryDefault: #introspectUpTo( TYPE_INTROSPECTED )
2021-04-17 02:46:13.760 START: workQueue.size: 1, waited for: 1095ms, org.apache.isis.objectstore.jdo.applib.service.exceprecog.ExceptionRecognizerCompositeForJdoObjectStore: #introspectUpTo( TYPE_INTROSPECTED )
2021-04-17 02:46:13.767 END: completed in: 7ms, org.apache.isis.objectstore.jdo.applib.service.exceprecog.ExceptionRecognizerCompositeForJdoObjectStore: #introspectUpTo( TYPE_INTROSPECTED )
2021-04-17 02:46:13.767 START: workQueue.size: 1, waited for: 1102ms, org.apache.isis.objectstore.jdo.datanucleus.service.support.IsisJdoSupportImpl: #introspectUpTo( TYPE_INTROSPECTED )
2021-04-17 02:46:13.772 END: completed in: 14ms, org.apache.isis.core.wrapper.WrapperFactoryDefault: #introspectUpTo( TYPE_INTROSPECTED )
2021-04-17 02:46:13.773 START: workQueue.size: 1, waited for: 1108ms, org.apache.isis.objectstore.jdo.datanucleus.service.support.TimestampService: #introspectUpTo( TYPE_INTROSPECTED )
2021-04-17 02:46:13.781 END: completed in: 14ms, org.apache.isis.objectstore.jdo.datanucleus.service.support.IsisJdoSupportImpl: #introspectUpTo( TYPE_INTROSPECTED )
2021-04-17 02:46:13.781 START: workQueue.size: 1, waited for: 1116ms, org.apache.isis.schema.services.jaxb.JaxbServiceDefault: #introspectUpTo( TYPE_INTROSPECTED )
2021-04-17 02:46:13.784 END: completed in: 11ms, org.apache.isis.objectstore.jdo.datanucleus.service.support.TimestampService: #introspectUpTo( TYPE_INTROSPECTED )
2021-04-17 02:46:13.786 END: completed in: 5ms, org.apache.isis.schema.services.jaxb.JaxbServiceDefault: #introspectUpTo( TYPE_INTROSPECTED )
2021-04-17 02:46:13.788 START: workQueue.size: 1, waited for: 1123ms, org.apache.isis.viewer.restfulobjects.rendering.service.RepresentationServiceContentNegotiator: #introspectUpTo( TYPE_INTROSPECTED )
2021-04-17 02:46:13.792 START: workQueue.size: 1, waited for: 1127ms, org.apache.isis.viewer.restfulobjects.rendering.service.RepresentationServiceForRestfulObjects: #introspectUpTo( TYPE_INTROSPECTED )
2021-04-17 02:46:13.806 END: completed in: 14ms, org.apache.isis.viewer.restfulobjects.rendering.service.RepresentationServiceForRestfulObjects: #introspectUpTo( TYPE_INTROSPECTED )
2021-04-17 02:46:13.806 START: workQueue.size: 1, waited for: 1141ms, org.apache.isis.viewer.restfulobjects.rendering.service.acceptheader.AcceptHeaderServiceForRest: #introspectUpTo( TYPE_INTROSPECTED )
2021-04-17 02:46:13.810 END: completed in: 22ms, org.apache.isis.viewer.restfulobjects.rendering.service.RepresentationServiceContentNegotiator: #introspectUpTo( TYPE_INTROSPECTED )
2021-04-17 02:46:13.810 START: workQueue.size: 1, waited for: 1145ms, org.apache.isis.viewer.restfulobjects.rendering.service.conneg.ContentNegotiationServiceForRestfulObjectsV1_0: #introspectUpTo( TYPE_INTROSPECTED )
2021-04-17 02:46:13.815 END: completed in: 5ms, org.apache.isis.viewer.restfulobjects.rendering.service.conneg.ContentNegotiationServiceForRestfulObjectsV1_0: #introspectUpTo( TYPE_INTROSPECTED )
2021-04-17 02:46:13.816 START: workQueue.size: 1, waited for: 1151ms, org.apache.isis.viewer.wicket.viewer.services.BookmarkUiServiceWicket: #introspectUpTo( TYPE_INTROSPECTED )
2021-04-17 02:46:13.819 END: completed in: 3ms, org.apache.isis.viewer.wicket.viewer.services.BookmarkUiServiceWicket: #introspectUpTo( TYPE_INTROSPECTED )
2021-04-17 02:46:13.819 START: workQueue.size: 1, waited for: 1154ms, org.apache.isis.viewer.wicket.viewer.services.DeepLinkServiceWicket: #introspectUpTo( TYPE_INTROSPECTED )
2021-04-17 02:46:13.810 END: completed in: 4ms, org.apache.isis.viewer.restfulobjects.rendering.service.acceptheader.AcceptHeaderServiceForRest: #introspectUpTo( TYPE_INTROSPECTED )
2021-04-17 02:46:13.820 START: workQueue.size: 1, waited for: 1155ms, org.apache.isis.viewer.wicket.viewer.services.GuiceBeanProviderWicket: #introspectUpTo( TYPE_INTROSPECTED )
2021-04-17 02:46:13.829 END: completed in: 9ms, org.apache.isis.viewer.wicket.viewer.services.GuiceBeanProviderWicket: #introspectUpTo( TYPE_INTROSPECTED )
2021-04-17 02:46:13.829 START: workQueue.size: 1, waited for: 1164ms, org.apache.isis.viewer.wicket.viewer.services.HintStoreUsingWicketSession: #introspectUpTo( TYPE_INTROSPECTED )
2021-04-17 02:46:13.834 END: completed in: 5ms, org.apache.isis.viewer.wicket.viewer.services.HintStoreUsingWicketSession: #introspectUpTo( TYPE_INTROSPECTED )
2021-04-17 02:46:13.834 START: workQueue.size: 1, waited for: 1169ms, org.apache.isis.viewer.wicket.viewer.services.LocaleProviderWicket: #introspectUpTo( TYPE_INTROSPECTED )
2021-04-17 02:46:13.838 END: completed in: 4ms, org.apache.isis.viewer.wicket.viewer.services.LocaleProviderWicket: #introspectUpTo( TYPE_INTROSPECTED )
2021-04-17 02:46:13.838 END: completed in: 19ms, org.apache.isis.viewer.wicket.viewer.services.DeepLinkServiceWicket: #introspectUpTo( TYPE_INTROSPECTED )
2021-04-17 02:46:13.839 START: workQueue.size: 1, waited for: 1173ms, org.apache.isis.viewer.wicket.viewer.services.TranslationsResolverWicket: #introspectUpTo( TYPE_INTROSPECTED )
2021-04-17 02:46:13.839 START: workQueue.size: 1, waited for: 1174ms, org.apache.isis.applib.services.layout.Object_openRestApi: #introspectUpTo( TYPE_INTROSPECTED )
2021-04-17 02:46:13.849 END: completed in: 10ms, org.apache.isis.applib.services.layout.Object_openRestApi: #introspectUpTo( TYPE_INTROSPECTED )
2021-04-17 02:46:13.849 START: workQueue.size: 1, waited for: 1184ms, org.apache.isis.core.metamodel.services.jdosupport.Persistable_datanucleusIdLong: #introspectUpTo( TYPE_INTROSPECTED )
2021-04-17 02:46:13.856 END: completed in: 18ms, org.apache.isis.viewer.wicket.viewer.services.TranslationsResolverWicket: #introspectUpTo( TYPE_INTROSPECTED )
2021-04-17 02:46:13.856 START: workQueue.size: 1, waited for: 1191ms, org.apache.isis.core.metamodel.services.jdosupport.Persistable_datanucleusVersionLong: #introspectUpTo( TYPE_INTROSPECTED )
2021-04-17 02:46:13.869 END: completed in: 19ms, org.apache.isis.core.metamodel.services.jdosupport.Persistable_datanucleusIdLong: #introspectUpTo( TYPE_INTROSPECTED )
2021-04-17 02:46:13.869 START: workQueue.size: 1, waited for: 1204ms, org.apache.isis.applib.services.dto.Dto_downloadXml: #introspectUpTo( TYPE_INTROSPECTED )
2021-04-17 02:46:13.870 END: completed in: 14ms, org.apache.isis.core.metamodel.services.jdosupport.Persistable_datanucleusVersionLong: #introspectUpTo( TYPE_INTROSPECTED )
2021-04-17 02:46:13.870 START: workQueue.size: 1, waited for: 1205ms, org.apache.isis.applib.services.bookmark.BookmarkHolder_object: #introspectUpTo( TYPE_INTROSPECTED )
2021-04-17 02:46:13.873 END: completed in: 4ms, org.apache.isis.applib.services.dto.Dto_downloadXml: #introspectUpTo( TYPE_INTROSPECTED )
2021-04-17 02:46:13.873 START: workQueue.size: 1, waited for: 1208ms, org.apache.isis.applib.services.dto.Dto_downloadXsd: #introspectUpTo( TYPE_INTROSPECTED )
2021-04-17 02:46:13.877 END: completed in: 4ms, org.apache.isis.applib.services.dto.Dto_downloadXsd: #introspectUpTo( TYPE_INTROSPECTED )
2021-04-17 02:46:13.878 START: workQueue.size: 1, waited for: 1213ms, org.apache.isis.core.metamodel.services.jdosupport.Persistable_datanucleusVersionTimestamp: #introspectUpTo( TYPE_INTROSPECTED )
2021-04-17 02:46:13.878 END: completed in: 8ms, org.apache.isis.applib.services.bookmark.BookmarkHolder_object: #introspectUpTo( TYPE_INTROSPECTED )
2021-04-17 02:46:13.879 START: workQueue.size: 1, waited for: 1214ms, org.apache.isis.applib.services.layout.Object_rebuildMetamodel: #introspectUpTo( TYPE_INTROSPECTED )
2021-04-17 02:46:13.883 END: completed in: 3ms, org.apache.isis.applib.services.layout.Object_rebuildMetamodel: #introspectUpTo( TYPE_INTROSPECTED )
2021-04-17 02:46:13.883 START: workQueue.size: 1, waited for: 1218ms, org.apache.isis.applib.services.layout.Object_downloadLayoutXml: #introspectUpTo( TYPE_INTROSPECTED )
2021-04-17 02:46:13.887 END: completed in: 4ms, org.apache.isis.applib.services.layout.Object_downloadLayoutXml: #introspectUpTo( TYPE_INTROSPECTED )
2021-04-17 02:46:13.887 START: workQueue.size: 1, waited for: 1222ms, org.apache.isis.viewer.wicket.viewer.services.Object_clearHints: #introspectUpTo( TYPE_INTROSPECTED )
2021-04-17 02:46:13.889 END: completed in: 11ms, org.apache.isis.core.metamodel.services.jdosupport.Persistable_datanucleusVersionTimestamp: #introspectUpTo( TYPE_INTROSPECTED )
2021-04-17 02:46:13.890 START: workQueue.size: 1, waited for: 1225ms, org.apache.isis.applib.services.bookmark.BookmarkHolder_lookup: #introspectUpTo( TYPE_INTROSPECTED )
2021-04-17 02:46:13.898 END: completed in: 8ms, org.apache.isis.applib.services.bookmark.BookmarkHolder_lookup: #introspectUpTo( TYPE_INTROSPECTED )
2021-04-17 02:46:13.898 START: workQueue.size: 1, waited for: 1233ms, org.apache.isis.core.metamodel.services.jdosupport.Persistable_downloadJdoMetadata: #introspectUpTo( TYPE_INTROSPECTED )
2021-04-17 02:46:13.901 END: completed in: 14ms, org.apache.isis.viewer.wicket.viewer.services.Object_clearHints: #introspectUpTo( TYPE_INTROSPECTED )
2021-04-17 02:46:13.901 START: workQueue.size: 1, waited for: 1236ms, java.lang.String: #introspectUpTo( TYPE_INTROSPECTED )
2021-04-17 02:46:13.904 END: completed in: 6ms, org.apache.isis.core.metamodel.services.jdosupport.Persistable_downloadJdoMetadata: #introspectUpTo( TYPE_INTROSPECTED )
2021-04-17 02:46:13.905 START: workQueue.size: 1, waited for: 1239ms, byte: #introspectUpTo( TYPE_INTROSPECTED )
2021-04-17 02:46:13.937 END: completed in: 33ms, byte: #introspectUpTo( TYPE_INTROSPECTED )
2021-04-17 02:46:13.937 START: workQueue.size: 1, waited for: 1272ms, java.lang.Byte: #introspectUpTo( TYPE_INTROSPECTED )
2021-04-17 02:46:13.979 END: completed in: 78ms, java.lang.String: #introspectUpTo( TYPE_INTROSPECTED )
2021-04-17 02:46:13.980 START: workQueue.size: 1, waited for: 1314ms, short: #introspectUpTo( TYPE_INTROSPECTED )
2021-04-17 02:46:13.983 END: completed in: 46ms, java.lang.Byte: #introspectUpTo( TYPE_INTROSPECTED )
2021-04-17 02:46:13.984 START: workQueue.size: 1, waited for: 1319ms, java.lang.Short: #introspectUpTo( TYPE_INTROSPECTED )
2021-04-17 02:46:13.985 END: completed in: 6ms, short: #introspectUpTo( TYPE_INTROSPECTED )
2021-04-17 02:46:13.986 START: workQueue.size: 1, waited for: 1320ms, int: #introspectUpTo( TYPE_INTROSPECTED )
2021-04-17 02:46:13.987 END: completed in: 2ms, int: #introspectUpTo( TYPE_INTROSPECTED )
2021-04-17 02:46:13.987 START: workQueue.size: 1, waited for: 1322ms, java.lang.Integer: #introspectUpTo( TYPE_INTROSPECTED )
2021-04-17 02:46:13.995 END: completed in: 11ms, java.lang.Short: #introspectUpTo( TYPE_INTROSPECTED )
2021-04-17 02:46:13.997 START: workQueue.size: 1, waited for: 1332ms, long: #introspectUpTo( TYPE_INTROSPECTED )
2021-04-17 02:46:14.004 END: completed in: 7ms, long: #introspectUpTo( TYPE_INTROSPECTED )
2021-04-17 02:46:14.004 START: workQueue.size: 1, waited for: 1339ms, java.lang.Long: #introspectUpTo( TYPE_INTROSPECTED )
2021-04-17 02:46:14.012 END: completed in: 25ms, java.lang.Integer: #introspectUpTo( TYPE_INTROSPECTED )
2021-04-17 02:46:14.014 START: workQueue.size: 1, waited for: 1349ms, char: #introspectUpTo( TYPE_INTROSPECTED )
2021-04-17 02:46:14.023 END: completed in: 9ms, char: #introspectUpTo( TYPE_INTROSPECTED )
2021-04-17 02:46:14.023 START: workQueue.size: 1, waited for: 1358ms, java.lang.Character: #introspectUpTo( TYPE_INTROSPECTED )
2021-04-17 02:46:14.040 END: completed in: 35ms, java.lang.Long: #introspectUpTo( TYPE_INTROSPECTED )
2021-04-17 02:46:14.040 START: workQueue.size: 1, waited for: 1375ms, boolean: #introspectUpTo( TYPE_INTROSPECTED )
2021-04-17 02:46:14.041 END: completed in: 1ms, boolean: #introspectUpTo( TYPE_INTROSPECTED )
2021-04-17 02:46:14.042 START: workQueue.size: 1, waited for: 1377ms, java.lang.Boolean: #introspectUpTo( TYPE_INTROSPECTED )
2021-04-17 02:46:14.058 END: completed in: 35ms, java.lang.Character: #introspectUpTo( TYPE_INTROSPECTED )
2021-04-17 02:46:14.058 START: workQueue.size: 1, waited for: 1393ms, float: #introspectUpTo( TYPE_INTROSPECTED )
2021-04-17 02:46:14.060 END: completed in: 2ms, float: #introspectUpTo( TYPE_INTROSPECTED )
2021-04-17 02:46:14.060 START: workQueue.size: 1, waited for: 1395ms, java.lang.Float: #introspectUpTo( TYPE_INTROSPECTED )
2021-04-17 02:46:14.061 END: completed in: 19ms, java.lang.Boolean: #introspectUpTo( TYPE_INTROSPECTED )
2021-04-17 02:46:14.061 START: workQueue.size: 1, waited for: 1396ms, double: #introspectUpTo( TYPE_INTROSPECTED )
2021-04-17 02:46:14.062 END: completed in: 1ms, double: #introspectUpTo( TYPE_INTROSPECTED )
2021-04-17 02:46:14.063 START: workQueue.size: 1, waited for: 1398ms, java.lang.Double: #introspectUpTo( TYPE_INTROSPECTED )
2021-04-17 02:46:14.069 END: completed in: 9ms, java.lang.Float: #introspectUpTo( TYPE_INTROSPECTED )
2021-04-17 02:46:14.069 START: workQueue.size: 1, waited for: 1404ms, java.math.BigInteger: #introspectUpTo( TYPE_INTROSPECTED )
2021-04-17 02:46:14.074 END: completed in: 10ms, java.lang.Double: #introspectUpTo( TYPE_INTROSPECTED )
2021-04-17 02:46:14.075 START: workQueue.size: 1, waited for: 1410ms, java.math.BigDecimal: #introspectUpTo( TYPE_INTROSPECTED )
2021-04-17 02:46:14.084 END: completed in: 15ms, java.math.BigInteger: #introspectUpTo( TYPE_INTROSPECTED )
2021-04-17 02:46:14.085 START: workQueue.size: 1, waited for: 1420ms, org.joda.time.DateTime: #introspectUpTo( TYPE_INTROSPECTED )
2021-04-17 02:46:14.094 END: completed in: 19ms, java.math.BigDecimal: #introspectUpTo( TYPE_INTROSPECTED )
2021-04-17 02:46:14.095 START: workQueue.size: 1, waited for: 1430ms, org.joda.time.LocalDateTime: #introspectUpTo( TYPE_INTROSPECTED )
2021-04-17 02:46:14.186 END: completed in: 91ms, org.joda.time.LocalDateTime: #introspectUpTo( TYPE_INTROSPECTED )
2021-04-17 02:46:14.187 START: workQueue.size: 1, waited for: 1522ms, org.joda.time.LocalDate: #introspectUpTo( TYPE_INTROSPECTED )
2021-04-17 02:46:14.194 END: completed in: 109ms, org.joda.time.DateTime: #introspectUpTo( TYPE_INTROSPECTED )
2021-04-17 02:46:14.194 START: workQueue.size: 1, waited for: 1529ms, org.joda.time.LocalTime: #introspectUpTo( TYPE_INTROSPECTED )
2021-04-17 02:46:14.243 END: completed in: 49ms, org.joda.time.LocalTime: #introspectUpTo( TYPE_INTROSPECTED )
2021-04-17 02:46:14.243 START: workQueue.size: 1, waited for: 1578ms, java.sql.Timestamp: #introspectUpTo( TYPE_INTROSPECTED )
2021-04-17 02:46:14.257 END: completed in: 70ms, org.joda.time.LocalDate: #introspectUpTo( TYPE_INTROSPECTED )
2021-04-17 02:46:14.257 START: workQueue.size: 1, waited for: 1592ms, org.apache.isis.applib.value.Blob: #introspectUpTo( TYPE_INTROSPECTED )
2021-04-17 02:46:14.260 END: completed in: 3ms, org.apache.isis.applib.value.Blob: #introspectUpTo( TYPE_INTROSPECTED )
2021-04-17 02:46:14.260 START: workQueue.size: 1, waited for: 1595ms, org.apache.isis.applib.value.Clob: #introspectUpTo( TYPE_INTROSPECTED )
2021-04-17 02:46:14.263 END: completed in: 3ms, org.apache.isis.applib.value.Clob: #introspectUpTo( TYPE_INTROSPECTED )
2021-04-17 02:46:14.264 START: workQueue.size: 1, waited for: 1598ms, org.apache.isis.applib.domain.DomainObjectList: #introspectUpTo( TYPE_INTROSPECTED )
2021-04-17 02:46:14.270 END: completed in: 27ms, java.sql.Timestamp: #introspectUpTo( TYPE_INTROSPECTED )
2021-04-17 02:46:14.271 START: workQueue.size: 1, waited for: 1605ms, domainapp.modules.simple.dom.impl.SimpleObject: #introspectUpTo( TYPE_INTROSPECTED )
2021-04-17 02:46:14.309 END: completed in: 46ms, org.apache.isis.applib.domain.DomainObjectList: #introspectUpTo( TYPE_INTROSPECTED )
2021-04-17 02:46:14.309 START: workQueue.size: 1, waited for: 1644ms, domainapp.modules.simple.dom.profesor.Profesor: #introspectUpTo( TYPE_INTROSPECTED )
2021-04-17 02:46:14.317 END: completed in: 47ms, domainapp.modules.simple.dom.impl.SimpleObject: #introspectUpTo( TYPE_INTROSPECTED )
2021-04-17 02:46:14.317 START: workQueue.size: 1, waited for: 1652ms, domainapp.application.services.homepage.HomePageViewModel: #introspectUpTo( TYPE_INTROSPECTED )
2021-04-17 02:46:14.321 END: completed in: 4ms, domainapp.application.services.homepage.HomePageViewModel: #introspectUpTo( TYPE_INTROSPECTED )
2021-04-17 02:46:14.321 START: workQueue.size: 1, waited for: 1656ms, org.apache.isis.applib.fixturescripts.FixtureResult: #introspectUpTo( TYPE_INTROSPECTED )
2021-04-17 02:46:14.327 END: completed in: 6ms, org.apache.isis.applib.fixturescripts.FixtureResult: #introspectUpTo( TYPE_INTROSPECTED )
2021-04-17 02:46:14.327 START: workQueue.size: 1, waited for: 1662ms, org.apache.isis.objectstore.jdo.applib.service.DomainChangeJdoAbstract: #introspectUpTo( TYPE_INTROSPECTED )
2021-04-17 02:46:14.341 END: completed in: 32ms, domainapp.modules.simple.dom.profesor.Profesor: #introspectUpTo( TYPE_INTROSPECTED )
2021-04-17 02:46:14.341 START: workQueue.size: 1, waited for: 1676ms, org.apache.isis.applib.services.config.ConfigurationProperty: #introspectUpTo( TYPE_INTROSPECTED )
2021-04-17 02:46:14.343 END: completed in: 16ms, org.apache.isis.objectstore.jdo.applib.service.DomainChangeJdoAbstract: #introspectUpTo( TYPE_INTROSPECTED )
2021-04-17 02:46:14.343 START: workQueue.size: 1, waited for: 1678ms, org.apache.isis.applib.fixturescripts.SimpleFixtureScript: #introspectUpTo( TYPE_INTROSPECTED )
2021-04-17 02:46:14.350 END: completed in: 9ms, org.apache.isis.applib.services.config.ConfigurationProperty: #introspectUpTo( TYPE_INTROSPECTED )
2021-04-17 02:46:14.351 START: workQueue.size: 1, waited for: 1686ms, domainapp.application.fixture.scenarios.DomainAppDemo: #introspectUpTo( TYPE_INTROSPECTED )
2021-04-17 02:46:14.358 END: completed in: 15ms, org.apache.isis.applib.fixturescripts.SimpleFixtureScript: #introspectUpTo( TYPE_INTROSPECTED )
2021-04-17 02:46:14.359 START: workQueue.size: 1, waited for: 1694ms, org.apache.isis.applib.fixturescripts.SimpleFixtureScript: #introspectUpTo( TYPE_INTROSPECTED )
2021-04-17 02:46:14.359 END: completed in: 0ms, org.apache.isis.applib.fixturescripts.SimpleFixtureScript: #introspectUpTo( TYPE_INTROSPECTED )
2021-04-17 02:46:14.359 START: workQueue.size: 1, waited for: 1694ms, org.apache.isis.applib.fixturescripts.DiscoverableFixtureScript: #introspectUpTo( TYPE_INTROSPECTED )
2021-04-17 02:46:14.365 END: completed in: 6ms, org.apache.isis.applib.fixturescripts.DiscoverableFixtureScript: #introspectUpTo( TYPE_INTROSPECTED )
2021-04-17 02:46:14.366 START: workQueue.size: 1, waited for: 1700ms, org.apache.isis.applib.fixturescripts.FixtureScript: #introspectUpTo( TYPE_INTROSPECTED )
2021-04-17 02:46:14.391 END: completed in: 40ms, domainapp.application.fixture.scenarios.DomainAppDemo: #introspectUpTo( TYPE_INTROSPECTED )
2021-04-17 02:46:14.391 START: workQueue.size: 1, waited for: 1726ms, org.apache.isis.applib.fixturescripts.FixtureResult: #introspectUpTo( TYPE_INTROSPECTED )
2021-04-17 02:46:14.392 END: completed in: 1ms, org.apache.isis.applib.fixturescripts.FixtureResult: #introspectUpTo( TYPE_INTROSPECTED )
2021-04-17 02:46:14.409 END: completed in: 44ms, org.apache.isis.applib.fixturescripts.FixtureScript: #introspectUpTo( TYPE_INTROSPECTED )
2021-04-17 02:46:14.410 join'ing 150 tasks: waited 0 milliseconds 
2021-04-17 02:46:14.411 START: workQueue.size: 0, waited for: 0ms, org.apache.isis.core.runtime.system.session.IsisSessionFactory: #introspectUpTo( TYPE_AND_MEMBERS_INTROSPECTED )
2021-04-17 02:46:14.417 START: workQueue.size: 0, waited for: 7ms, org.apache.isis.core.runtime.system.persistence.PersistenceSessionFactory: #introspectUpTo( TYPE_AND_MEMBERS_INTROSPECTED )
2021-04-17 02:46:14.453 END: completed in: 36ms, org.apache.isis.core.runtime.system.persistence.PersistenceSessionFactory: #introspectUpTo( TYPE_AND_MEMBERS_INTROSPECTED )
2021-04-17 02:46:14.455 START: workQueue.size: 0, waited for: 45ms, org.apache.isis.core.metamodel.specloader.SpecificationLoader: #introspectUpTo( TYPE_AND_MEMBERS_INTROSPECTED )
2021-04-17 02:46:14.455 END: completed in: 0ms, org.apache.isis.core.metamodel.specloader.SpecificationLoader: #introspectUpTo( TYPE_AND_MEMBERS_INTROSPECTED )
2021-04-17 02:46:14.456 START: workQueue.size: 0, waited for: 46ms, org.apache.isis.core.runtime.authorization.standard.AuthorizationManagerStandard: #introspectUpTo( TYPE_AND_MEMBERS_INTROSPECTED )
2021-04-17 02:46:14.456 END: completed in: 0ms, org.apache.isis.core.runtime.authorization.standard.AuthorizationManagerStandard: #introspectUpTo( TYPE_AND_MEMBERS_INTROSPECTED )
2021-04-17 02:46:14.456 START: workQueue.size: 0, waited for: 46ms, org.apache.isis.core.runtime.authentication.standard.AuthenticationManagerStandard: #introspectUpTo( TYPE_AND_MEMBERS_INTROSPECTED )
2021-04-17 02:46:14.458 END: completed in: 1ms, org.apache.isis.core.runtime.authentication.standard.AuthenticationManagerStandard: #introspectUpTo( TYPE_AND_MEMBERS_INTROSPECTED )
2021-04-17 02:46:14.458 START: workQueue.size: 0, waited for: 48ms, org.apache.isis.core.commons.config.IsisConfigurationDefault: #introspectUpTo( TYPE_AND_MEMBERS_INTROSPECTED )
2021-04-17 02:46:14.459 END: completed in: 1ms, org.apache.isis.core.commons.config.IsisConfigurationDefault: #introspectUpTo( TYPE_AND_MEMBERS_INTROSPECTED )
2021-04-17 02:46:14.460 START: workQueue.size: 0, waited for: 50ms, org.apache.isis.core.runtime.services.deplcat.DeploymentCategoryProviderDefault: #introspectUpTo( TYPE_AND_MEMBERS_INTROSPECTED )
2021-04-17 02:46:14.460 END: completed in: 50ms, org.apache.isis.core.runtime.system.session.IsisSessionFactory: #introspectUpTo( TYPE_AND_MEMBERS_INTROSPECTED )
2021-04-17 02:46:14.460 START: workQueue.size: 0, waited for: 50ms, org.apache.isis.objectstore.jdo.datanucleus.service.eventbus.EventBusServiceJdo: #introspectUpTo( TYPE_AND_MEMBERS_INTROSPECTED )
2021-04-17 02:46:14.461 END: completed in: 0ms, org.apache.isis.objectstore.jdo.datanucleus.service.eventbus.EventBusServiceJdo: #introspectUpTo( TYPE_AND_MEMBERS_INTROSPECTED )
2021-04-17 02:46:14.461 START: workQueue.size: 0, waited for: 51ms, org.apache.isis.applib.services.queryresultscache.QueryResultsCache$Control: #introspectUpTo( TYPE_AND_MEMBERS_INTROSPECTED )
2021-04-17 02:46:14.461 END: completed in: 0ms, org.apache.isis.applib.services.queryresultscache.QueryResultsCache$Control: #introspectUpTo( TYPE_AND_MEMBERS_INTROSPECTED )
2021-04-17 02:46:14.461 START: workQueue.size: 0, waited for: 51ms, domainapp.modules.simple.dom.impl.SimpleObjects: #introspectUpTo( TYPE_AND_MEMBERS_INTROSPECTED )
2021-04-17 02:46:14.464 END: completed in: 4ms, org.apache.isis.core.runtime.services.deplcat.DeploymentCategoryProviderDefault: #introspectUpTo( TYPE_AND_MEMBERS_INTROSPECTED )
2021-04-17 02:46:14.464 START: workQueue.size: 0, waited for: 54ms, domainapp.modules.simple.dom.profesor.ProfesorRepositorio: #introspectUpTo( TYPE_AND_MEMBERS_INTROSPECTED )
2021-04-17 02:46:14.748 END: completed in: 287ms, domainapp.modules.simple.dom.impl.SimpleObjects: #introspectUpTo( TYPE_AND_MEMBERS_INTROSPECTED )
2021-04-17 02:46:14.748 START: workQueue.size: 0, waited for: 338ms, org.apache.isis.applib.services.fixturespec.FixtureScriptsDefault: #introspectUpTo( TYPE_AND_MEMBERS_INTROSPECTED )
2021-04-17 02:46:14.752 END: completed in: 288ms, domainapp.modules.simple.dom.profesor.ProfesorRepositorio: #introspectUpTo( TYPE_AND_MEMBERS_INTROSPECTED )
2021-04-17 02:46:14.752 START: workQueue.size: 0, waited for: 342ms, org.apache.isis.applib.services.layout.LayoutServiceMenu: #introspectUpTo( TYPE_AND_MEMBERS_INTROSPECTED )
2021-04-17 02:46:14.793 END: completed in: 41ms, org.apache.isis.applib.services.layout.LayoutServiceMenu: #introspectUpTo( TYPE_AND_MEMBERS_INTROSPECTED )
2021-04-17 02:46:14.800 START: workQueue.size: 0, waited for: 390ms, org.apache.isis.applib.services.metamodel.MetaModelServicesMenu: #introspectUpTo( TYPE_AND_MEMBERS_INTROSPECTED )
2021-04-17 02:46:14.840 END: completed in: 40ms, org.apache.isis.applib.services.metamodel.MetaModelServicesMenu: #introspectUpTo( TYPE_AND_MEMBERS_INTROSPECTED )
2021-04-17 02:46:14.841 START: workQueue.size: 0, waited for: 431ms, org.apache.isis.applib.services.swagger.SwaggerServiceMenu: #introspectUpTo( TYPE_AND_MEMBERS_INTROSPECTED )
2021-04-17 02:46:14.854 END: completed in: 106ms, org.apache.isis.applib.services.fixturespec.FixtureScriptsDefault: #introspectUpTo( TYPE_AND_MEMBERS_INTROSPECTED )
2021-04-17 02:46:14.855 START: workQueue.size: 0, waited for: 445ms, org.apache.isis.core.runtime.services.i18n.po.TranslationServicePoMenu: #introspectUpTo( TYPE_AND_MEMBERS_INTROSPECTED )
2021-04-17 02:46:14.878 END: completed in: 22ms, org.apache.isis.core.runtime.services.i18n.po.TranslationServicePoMenu: #introspectUpTo( TYPE_AND_MEMBERS_INTROSPECTED )
2021-04-17 02:46:14.878 START: workQueue.size: 0, waited for: 468ms, org.apache.isis.applib.services.hsqldb.HsqlDbManagerMenu: #introspectUpTo( TYPE_AND_MEMBERS_INTROSPECTED )
2021-04-17 02:46:14.892 END: completed in: 14ms, org.apache.isis.applib.services.hsqldb.HsqlDbManagerMenu: #introspectUpTo( TYPE_AND_MEMBERS_INTROSPECTED )
2021-04-17 02:46:14.892 START: workQueue.size: 0, waited for: 482ms, org.apache.isis.applib.services.config.ConfigurationServiceMenu: #introspectUpTo( TYPE_AND_MEMBERS_INTROSPECTED )
2021-04-17 02:46:14.908 END: completed in: 67ms, org.apache.isis.applib.services.swagger.SwaggerServiceMenu: #introspectUpTo( TYPE_AND_MEMBERS_INTROSPECTED )
2021-04-17 02:46:14.908 START: workQueue.size: 0, waited for: 498ms, org.apache.isis.applib.conmap.ContentMappingServiceForCommandDto$CopyOverFromCommand: #introspectUpTo( TYPE_AND_MEMBERS_INTROSPECTED )
2021-04-17 02:46:14.908 END: completed in: 0ms, org.apache.isis.applib.conmap.ContentMappingServiceForCommandDto$CopyOverFromCommand: #introspectUpTo( TYPE_AND_MEMBERS_INTROSPECTED )
2021-04-17 02:46:14.912 START: workQueue.size: 0, waited for: 502ms, domainapp.application.fixture.DomainAppFixtureScriptsSpecificationProvider: #introspectUpTo( TYPE_AND_MEMBERS_INTROSPECTED )
2021-04-17 02:46:14.914 END: completed in: 2ms, domainapp.application.fixture.DomainAppFixtureScriptsSpecificationProvider: #introspectUpTo( TYPE_AND_MEMBERS_INTROSPECTED )
2021-04-17 02:46:14.915 START: workQueue.size: 0, waited for: 505ms, domainapp.application.services.health.HealthCheckServiceImpl: #introspectUpTo( TYPE_AND_MEMBERS_INTROSPECTED )
2021-04-17 02:46:14.915 END: completed in: 0ms, domainapp.application.services.health.HealthCheckServiceImpl: #introspectUpTo( TYPE_AND_MEMBERS_INTROSPECTED )
2021-04-17 02:46:14.915 START: workQueue.size: 0, waited for: 505ms, domainapp.application.services.homepage.HomePageService: #introspectUpTo( TYPE_AND_MEMBERS_INTROSPECTED )
2021-04-17 02:46:14.920 END: completed in: 5ms, domainapp.application.services.homepage.HomePageService: #introspectUpTo( TYPE_AND_MEMBERS_INTROSPECTED )
2021-04-17 02:46:14.920 START: workQueue.size: 0, waited for: 510ms, org.apache.isis.applib.services.dto.DtoMappingHelper: #introspectUpTo( TYPE_AND_MEMBERS_INTROSPECTED )
2021-04-17 02:46:14.920 END: completed in: 0ms, org.apache.isis.applib.services.dto.DtoMappingHelper: #introspectUpTo( TYPE_AND_MEMBERS_INTROSPECTED )
2021-04-17 02:46:14.920 START: workQueue.size: 0, waited for: 510ms, org.apache.isis.core.runtime.services.background.CommandExecutorServiceDefault: #introspectUpTo( TYPE_AND_MEMBERS_INTROSPECTED )
2021-04-17 02:46:14.921 END: completed in: 1ms, org.apache.isis.core.runtime.services.background.CommandExecutorServiceDefault: #introspectUpTo( TYPE_AND_MEMBERS_INTROSPECTED )
2021-04-17 02:46:14.921 START: workQueue.size: 0, waited for: 511ms, org.apache.isis.core.runtime.services.menubars.MenuBarsLoaderServiceDefault: #introspectUpTo( TYPE_AND_MEMBERS_INTROSPECTED )
2021-04-17 02:46:14.921 END: completed in: 0ms, org.apache.isis.core.runtime.services.menubars.MenuBarsLoaderServiceDefault: #introspectUpTo( TYPE_AND_MEMBERS_INTROSPECTED )
2021-04-17 02:46:14.922 START: workQueue.size: 0, waited for: 512ms, org.apache.isis.core.runtime.services.menubars.bootstrap3.MenuBarsServiceBS3: #introspectUpTo( TYPE_AND_MEMBERS_INTROSPECTED )
2021-04-17 02:46:14.922 END: completed in: 0ms, org.apache.isis.core.runtime.services.menubars.bootstrap3.MenuBarsServiceBS3: #introspectUpTo( TYPE_AND_MEMBERS_INTROSPECTED )
2021-04-17 02:46:14.922 START: workQueue.size: 0, waited for: 512ms, org.apache.isis.core.runtime.services.userprof.UserProfileServiceDefault: #introspectUpTo( TYPE_AND_MEMBERS_INTROSPECTED )
2021-04-17 02:46:14.922 END: completed in: 0ms, org.apache.isis.core.runtime.services.userprof.UserProfileServiceDefault: #introspectUpTo( TYPE_AND_MEMBERS_INTROSPECTED )
2021-04-17 02:46:14.922 START: workQueue.size: 0, waited for: 512ms, org.apache.isis.viewer.restfulobjects.rendering.service.conneg.ContentNegotiationServiceXRoDomainType: #introspectUpTo( TYPE_AND_MEMBERS_INTROSPECTED )
2021-04-17 02:46:14.923 END: completed in: 1ms, org.apache.isis.viewer.restfulobjects.rendering.service.conneg.ContentNegotiationServiceXRoDomainType: #introspectUpTo( TYPE_AND_MEMBERS_INTROSPECTED )
2021-04-17 02:46:14.923 START: workQueue.size: 0, waited for: 513ms, org.apache.isis.viewer.restfulobjects.rendering.service.conneg.ContentNegotiationServiceOrgApacheIsisV1: #introspectUpTo( TYPE_AND_MEMBERS_INTROSPECTED )
2021-04-17 02:46:14.923 END: completed in: 0ms, org.apache.isis.viewer.restfulobjects.rendering.service.conneg.ContentNegotiationServiceOrgApacheIsisV1: #introspectUpTo( TYPE_AND_MEMBERS_INTROSPECTED )
2021-04-17 02:46:14.923 START: workQueue.size: 0, waited for: 513ms, org.apache.isis.core.runtime.services.message.MessageServiceDefault: #introspectUpTo( TYPE_AND_MEMBERS_INTROSPECTED )
2021-04-17 02:46:14.924 END: completed in: 1ms, org.apache.isis.core.runtime.services.message.MessageServiceDefault: #introspectUpTo( TYPE_AND_MEMBERS_INTROSPECTED )
2021-04-17 02:46:14.924 START: workQueue.size: 0, waited for: 514ms, org.apache.isis.core.runtime.services.persistsession.PersistenceSessionServiceInternalDefault: #introspectUpTo( TYPE_AND_MEMBERS_INTROSPECTED )
2021-04-17 02:46:14.924 END: completed in: 32ms, org.apache.isis.applib.services.config.ConfigurationServiceMenu: #introspectUpTo( TYPE_AND_MEMBERS_INTROSPECTED )
2021-04-17 02:46:14.924 END: completed in: 0ms, org.apache.isis.core.runtime.services.persistsession.PersistenceSessionServiceInternalDefault: #introspectUpTo( TYPE_AND_MEMBERS_INTROSPECTED )
2021-04-17 02:46:14.924 START: workQueue.size: 0, waited for: 514ms, org.apache.isis.applib.annotation.Bulk$InteractionContext: #introspectUpTo( TYPE_AND_MEMBERS_INTROSPECTED )
2021-04-17 02:46:14.925 END: completed in: 1ms, org.apache.isis.applib.annotation.Bulk$InteractionContext: #introspectUpTo( TYPE_AND_MEMBERS_INTROSPECTED )
2021-04-17 02:46:14.925 START: workQueue.size: 0, waited for: 515ms, org.apache.isis.applib.conmap.ContentMappingServiceForCommandDto: #introspectUpTo( TYPE_AND_MEMBERS_INTROSPECTED )
2021-04-17 02:46:14.926 START: workQueue.size: 0, waited for: 516ms, org.apache.isis.applib.conmap.ContentMappingServiceForCommandsDto: #introspectUpTo( TYPE_AND_MEMBERS_INTROSPECTED )
2021-04-17 02:46:14.927 END: completed in: 1ms, org.apache.isis.applib.conmap.ContentMappingServiceForCommandsDto: #introspectUpTo( TYPE_AND_MEMBERS_INTROSPECTED )
2021-04-17 02:46:14.927 START: workQueue.size: 0, waited for: 517ms, org.apache.isis.applib.fixturescripts.ExecutionParametersService: #introspectUpTo( TYPE_AND_MEMBERS_INTROSPECTED )
2021-04-17 02:46:14.928 END: completed in: 1ms, org.apache.isis.applib.fixturescripts.ExecutionParametersService: #introspectUpTo( TYPE_AND_MEMBERS_INTROSPECTED )
2021-04-17 02:46:14.928 START: workQueue.size: 0, waited for: 518ms, org.apache.isis.applib.services.actinvoc.ActionInvocationContext: #introspectUpTo( TYPE_AND_MEMBERS_INTROSPECTED )
2021-04-17 02:46:14.928 END: completed in: 0ms, org.apache.isis.applib.services.actinvoc.ActionInvocationContext: #introspectUpTo( TYPE_AND_MEMBERS_INTROSPECTED )
2021-04-17 02:46:14.928 START: workQueue.size: 0, waited for: 518ms, org.apache.isis.applib.services.audit.AuditerServiceLogging: #introspectUpTo( TYPE_AND_MEMBERS_INTROSPECTED )
2021-04-17 02:46:14.929 END: completed in: 1ms, org.apache.isis.applib.services.audit.AuditerServiceLogging: #introspectUpTo( TYPE_AND_MEMBERS_INTROSPECTED )
2021-04-17 02:46:14.929 START: workQueue.size: 0, waited for: 519ms, org.apache.isis.applib.services.classdiscovery.ClassDiscoveryServiceUsingReflections: #introspectUpTo( TYPE_AND_MEMBERS_INTROSPECTED )
2021-04-17 02:46:14.929 END: completed in: 0ms, org.apache.isis.applib.services.classdiscovery.ClassDiscoveryServiceUsingReflections: #introspectUpTo( TYPE_AND_MEMBERS_INTROSPECTED )
2021-04-17 02:46:14.929 START: workQueue.size: 0, waited for: 519ms, org.apache.isis.applib.services.clock.ClockService: #introspectUpTo( TYPE_AND_MEMBERS_INTROSPECTED )
2021-04-17 02:46:14.930 END: completed in: 1ms, org.apache.isis.applib.services.clock.ClockService: #introspectUpTo( TYPE_AND_MEMBERS_INTROSPECTED )
2021-04-17 02:46:14.930 START: workQueue.size: 0, waited for: 520ms, org.apache.isis.applib.services.command.CommandContext: #introspectUpTo( TYPE_AND_MEMBERS_INTROSPECTED )
2021-04-17 02:46:14.930 END: completed in: 0ms, org.apache.isis.applib.services.command.CommandContext: #introspectUpTo( TYPE_AND_MEMBERS_INTROSPECTED )
2021-04-17 02:46:14.930 START: workQueue.size: 0, waited for: 520ms, org.apache.isis.applib.services.iactn.InteractionContext: #introspectUpTo( TYPE_AND_MEMBERS_INTROSPECTED )
2021-04-17 02:46:14.930 END: completed in: 0ms, org.apache.isis.applib.services.iactn.InteractionContext: #introspectUpTo( TYPE_AND_MEMBERS_INTROSPECTED )
2021-04-17 02:46:14.930 START: workQueue.size: 0, waited for: 520ms, org.apache.isis.applib.services.publish.PublisherServiceLogging: #introspectUpTo( TYPE_AND_MEMBERS_INTROSPECTED )
2021-04-17 02:46:14.931 END: completed in: 1ms, org.apache.isis.applib.services.publish.PublisherServiceLogging: #introspectUpTo( TYPE_AND_MEMBERS_INTROSPECTED )
2021-04-17 02:46:14.931 START: workQueue.size: 0, waited for: 521ms, org.apache.isis.applib.services.queryresultscache.QueryResultsCache: #introspectUpTo( TYPE_AND_MEMBERS_INTROSPECTED )
2021-04-17 02:46:14.931 END: completed in: 0ms, org.apache.isis.applib.services.queryresultscache.QueryResultsCache: #introspectUpTo( TYPE_AND_MEMBERS_INTROSPECTED )
2021-04-17 02:46:14.931 START: workQueue.size: 0, waited for: 521ms, org.apache.isis.applib.services.routing.RoutingServiceDefault: #introspectUpTo( TYPE_AND_MEMBERS_INTROSPECTED )
2021-04-17 02:46:14.932 END: completed in: 1ms, org.apache.isis.applib.services.routing.RoutingServiceDefault: #introspectUpTo( TYPE_AND_MEMBERS_INTROSPECTED )
2021-04-17 02:46:14.934 END: completed in: 9ms, org.apache.isis.applib.conmap.ContentMappingServiceForCommandDto: #introspectUpTo( TYPE_AND_MEMBERS_INTROSPECTED )
2021-04-17 02:46:14.935 START: workQueue.size: 0, waited for: 525ms, org.apache.isis.applib.services.scratchpad.Scratchpad: #introspectUpTo( TYPE_AND_MEMBERS_INTROSPECTED )
2021-04-17 02:46:14.935 START: workQueue.size: 0, waited for: 525ms, org.apache.isis.applib.services.tablecol.TableColumnOrderService$Default: #introspectUpTo( TYPE_AND_MEMBERS_INTROSPECTED )
2021-04-17 02:46:14.936 END: completed in: 1ms, org.apache.isis.applib.services.scratchpad.Scratchpad: #introspectUpTo( TYPE_AND_MEMBERS_INTROSPECTED )
2021-04-17 02:46:15.395 START: workQueue.size: 0, waited for: 985ms, org.apache.isis.applib.services.urlencoding.UrlEncodingServiceUsingBaseEncoding: #introspectUpTo( TYPE_AND_MEMBERS_INTROSPECTED )
2021-04-17 02:46:15.395 END: completed in: 0ms, org.apache.isis.applib.services.urlencoding.UrlEncodingServiceUsingBaseEncoding: #introspectUpTo( TYPE_AND_MEMBERS_INTROSPECTED )
2021-04-17 02:46:15.399 START: workQueue.size: 0, waited for: 989ms, org.apache.isis.core.metamodel.services.appfeat.ApplicationFeatureFactory: #introspectUpTo( TYPE_AND_MEMBERS_INTROSPECTED )
2021-04-17 02:46:15.399 END: completed in: 0ms, org.apache.isis.core.metamodel.services.appfeat.ApplicationFeatureFactory: #introspectUpTo( TYPE_AND_MEMBERS_INTROSPECTED )
2021-04-17 02:46:15.399 START: workQueue.size: 0, waited for: 989ms, org.apache.isis.core.metamodel.services.appfeat.ApplicationFeatureRepositoryDefault: #introspectUpTo( TYPE_AND_MEMBERS_INTROSPECTED )
2021-04-17 02:46:15.399 END: completed in: 0ms, org.apache.isis.core.metamodel.services.appfeat.ApplicationFeatureRepositoryDefault: #introspectUpTo( TYPE_AND_MEMBERS_INTROSPECTED )
2021-04-17 02:46:15.400 START: workQueue.size: 0, waited for: 990ms, org.apache.isis.core.metamodel.services.bookmarks.BookmarkServiceInternalDefault: #introspectUpTo( TYPE_AND_MEMBERS_INTROSPECTED )
2021-04-17 02:46:15.400 END: completed in: 0ms, org.apache.isis.core.metamodel.services.bookmarks.BookmarkServiceInternalDefault: #introspectUpTo( TYPE_AND_MEMBERS_INTROSPECTED )
2021-04-17 02:46:15.400 START: workQueue.size: 0, waited for: 990ms, org.apache.isis.core.metamodel.services.config.ConfigurationServiceDefault: #introspectUpTo( TYPE_AND_MEMBERS_INTROSPECTED )
2021-04-17 02:46:15.400 END: completed in: 0ms, org.apache.isis.core.metamodel.services.config.ConfigurationServiceDefault: #introspectUpTo( TYPE_AND_MEMBERS_INTROSPECTED )
2021-04-17 02:46:15.400 START: workQueue.size: 0, waited for: 990ms, org.apache.isis.core.metamodel.services.container.DomainObjectContainerDefault: #introspectUpTo( TYPE_AND_MEMBERS_INTROSPECTED )
2021-04-17 02:46:15.401 END: completed in: 1ms, org.apache.isis.core.metamodel.services.container.DomainObjectContainerDefault: #introspectUpTo( TYPE_AND_MEMBERS_INTROSPECTED )
2021-04-17 02:46:15.401 START: workQueue.size: 0, waited for: 991ms, org.apache.isis.core.metamodel.services.factory.FactoryServiceInternalDefault: #introspectUpTo( TYPE_AND_MEMBERS_INTROSPECTED )
2021-04-17 02:46:15.401 END: completed in: 0ms, org.apache.isis.core.metamodel.services.factory.FactoryServiceInternalDefault: #introspectUpTo( TYPE_AND_MEMBERS_INTROSPECTED )
2021-04-17 02:46:15.401 START: workQueue.size: 0, waited for: 991ms, org.apache.isis.core.metamodel.services.grid.GridLoaderServiceDefault: #introspectUpTo( TYPE_AND_MEMBERS_INTROSPECTED )
2021-04-17 02:46:15.401 END: completed in: 0ms, org.apache.isis.core.metamodel.services.grid.GridLoaderServiceDefault: #introspectUpTo( TYPE_AND_MEMBERS_INTROSPECTED )
2021-04-17 02:46:15.401 START: workQueue.size: 0, waited for: 991ms, org.apache.isis.core.metamodel.services.grid.GridServiceDefault: #introspectUpTo( TYPE_AND_MEMBERS_INTROSPECTED )
2021-04-17 02:46:15.402 END: completed in: 1ms, org.apache.isis.core.metamodel.services.grid.GridServiceDefault: #introspectUpTo( TYPE_AND_MEMBERS_INTROSPECTED )
2021-04-17 02:46:15.402 START: workQueue.size: 0, waited for: 992ms, org.apache.isis.core.metamodel.services.grid.bootstrap3.GridSystemServiceBS3: #introspectUpTo( TYPE_AND_MEMBERS_INTROSPECTED )
2021-04-17 02:46:15.402 END: completed in: 0ms, org.apache.isis.core.metamodel.services.grid.bootstrap3.GridSystemServiceBS3: #introspectUpTo( TYPE_AND_MEMBERS_INTROSPECTED )
2021-04-17 02:46:15.402 START: workQueue.size: 0, waited for: 992ms, org.apache.isis.core.metamodel.services.layout.LayoutServiceDefault: #introspectUpTo( TYPE_AND_MEMBERS_INTROSPECTED )
2021-04-17 02:46:15.402 END: completed in: 0ms, org.apache.isis.core.metamodel.services.layout.LayoutServiceDefault: #introspectUpTo( TYPE_AND_MEMBERS_INTROSPECTED )
2021-04-17 02:46:15.402 START: workQueue.size: 0, waited for: 992ms, org.apache.isis.core.metamodel.services.message.MessageServiceNoop: #introspectUpTo( TYPE_AND_MEMBERS_INTROSPECTED )
2021-04-17 02:46:15.403 END: completed in: 1ms, org.apache.isis.core.metamodel.services.message.MessageServiceNoop: #introspectUpTo( TYPE_AND_MEMBERS_INTROSPECTED )
2021-04-17 02:46:15.403 START: workQueue.size: 0, waited for: 993ms, org.apache.isis.core.metamodel.services.metamodel.MetaModelServiceDefault: #introspectUpTo( TYPE_AND_MEMBERS_INTROSPECTED )
2021-04-17 02:46:15.403 END: completed in: 0ms, org.apache.isis.core.metamodel.services.metamodel.MetaModelServiceDefault: #introspectUpTo( TYPE_AND_MEMBERS_INTROSPECTED )
2021-04-17 02:46:15.403 START: workQueue.size: 0, waited for: 993ms, org.apache.isis.core.metamodel.services.persistsession.PersistenceSessionServiceInternalNoop: #introspectUpTo( TYPE_AND_MEMBERS_INTROSPECTED )
2021-04-17 02:46:15.403 END: completed in: 0ms, org.apache.isis.core.metamodel.services.persistsession.PersistenceSessionServiceInternalNoop: #introspectUpTo( TYPE_AND_MEMBERS_INTROSPECTED )
2021-04-17 02:46:15.403 START: workQueue.size: 0, waited for: 993ms, org.apache.isis.core.metamodel.services.registry.ServiceRegistryDefault: #introspectUpTo( TYPE_AND_MEMBERS_INTROSPECTED )
2021-04-17 02:46:15.404 END: completed in: 1ms, org.apache.isis.core.metamodel.services.registry.ServiceRegistryDefault: #introspectUpTo( TYPE_AND_MEMBERS_INTROSPECTED )
2021-04-17 02:46:15.404 START: workQueue.size: 0, waited for: 994ms, org.apache.isis.core.metamodel.services.repository.RepositoryServiceInternalDefault: #introspectUpTo( TYPE_AND_MEMBERS_INTROSPECTED )
2021-04-17 02:46:15.404 END: completed in: 469ms, org.apache.isis.applib.services.tablecol.TableColumnOrderService$Default: #introspectUpTo( TYPE_AND_MEMBERS_INTROSPECTED )
2021-04-17 02:46:15.404 START: workQueue.size: 0, waited for: 994ms, org.apache.isis.core.metamodel.services.swagger.SwaggerServiceDefault: #introspectUpTo( TYPE_AND_MEMBERS_INTROSPECTED )
2021-04-17 02:46:15.404 END: completed in: 0ms, org.apache.isis.core.metamodel.services.repository.RepositoryServiceInternalDefault: #introspectUpTo( TYPE_AND_MEMBERS_INTROSPECTED )
2021-04-17 02:46:15.404 START: workQueue.size: 0, waited for: 994ms, org.apache.isis.core.metamodel.services.title.TitleServiceDefault: #introspectUpTo( TYPE_AND_MEMBERS_INTROSPECTED )
2021-04-17 02:46:15.404 END: completed in: 0ms, org.apache.isis.core.metamodel.services.swagger.SwaggerServiceDefault: #introspectUpTo( TYPE_AND_MEMBERS_INTROSPECTED )
2021-04-17 02:46:15.404 START: workQueue.size: 0, waited for: 994ms, org.apache.isis.core.metamodel.services.user.UserServiceDefault: #introspectUpTo( TYPE_AND_MEMBERS_INTROSPECTED )
2021-04-17 02:46:15.405 END: completed in: 1ms, org.apache.isis.core.metamodel.services.title.TitleServiceDefault: #introspectUpTo( TYPE_AND_MEMBERS_INTROSPECTED )
2021-04-17 02:46:15.405 END: completed in: 1ms, org.apache.isis.core.metamodel.services.user.UserServiceDefault: #introspectUpTo( TYPE_AND_MEMBERS_INTROSPECTED )
2021-04-17 02:46:15.405 START: workQueue.size: 0, waited for: 995ms, org.apache.isis.core.metamodel.services.user.UserServiceDefault$SudoServiceSpi: #introspectUpTo( TYPE_AND_MEMBERS_INTROSPECTED )
2021-04-17 02:46:15.405 START: workQueue.size: 0, waited for: 995ms, org.apache.isis.core.metamodel.services.xactn.TransactionServiceDefault: #introspectUpTo( TYPE_AND_MEMBERS_INTROSPECTED )
2021-04-17 02:46:15.405 END: completed in: 0ms, org.apache.isis.core.metamodel.services.user.UserServiceDefault$SudoServiceSpi: #introspectUpTo( TYPE_AND_MEMBERS_INTROSPECTED )
2021-04-17 02:46:15.405 END: completed in: 0ms, org.apache.isis.core.metamodel.services.xactn.TransactionServiceDefault: #introspectUpTo( TYPE_AND_MEMBERS_INTROSPECTED )
2021-04-17 02:46:15.405 START: workQueue.size: 0, waited for: 995ms, org.apache.isis.core.runtime.services.auditing.AuditingServiceInternal: #introspectUpTo( TYPE_AND_MEMBERS_INTROSPECTED )
2021-04-17 02:46:15.405 END: completed in: 0ms, org.apache.isis.core.runtime.services.auditing.AuditingServiceInternal: #introspectUpTo( TYPE_AND_MEMBERS_INTROSPECTED )
2021-04-17 02:46:15.405 START: workQueue.size: 0, waited for: 995ms, org.apache.isis.core.runtime.services.authsess.AuthenticationSessionProviderDefault: #introspectUpTo( TYPE_AND_MEMBERS_INTROSPECTED )
2021-04-17 02:46:15.406 END: completed in: 1ms, org.apache.isis.core.runtime.services.authsess.AuthenticationSessionProviderDefault: #introspectUpTo( TYPE_AND_MEMBERS_INTROSPECTED )
2021-04-17 02:46:15.406 START: workQueue.size: 0, waited for: 996ms, org.apache.isis.core.runtime.services.background.BackgroundServiceDefault: #introspectUpTo( TYPE_AND_MEMBERS_INTROSPECTED )
2021-04-17 02:46:15.406 END: completed in: 0ms, org.apache.isis.core.runtime.services.background.BackgroundServiceDefault: #introspectUpTo( TYPE_AND_MEMBERS_INTROSPECTED )
2021-04-17 02:46:15.406 START: workQueue.size: 0, waited for: 996ms, org.apache.isis.core.runtime.services.changes.ChangedObjectsServiceInternal: #introspectUpTo( TYPE_AND_MEMBERS_INTROSPECTED )
2021-04-17 02:46:15.406 END: completed in: 0ms, org.apache.isis.core.runtime.services.changes.ChangedObjectsServiceInternal: #introspectUpTo( TYPE_AND_MEMBERS_INTROSPECTED )
2021-04-17 02:46:15.406 START: workQueue.size: 0, waited for: 996ms, org.apache.isis.core.runtime.services.command.CommandDtoServiceInternalDefault: #introspectUpTo( TYPE_AND_MEMBERS_INTROSPECTED )
2021-04-17 02:46:15.407 END: completed in: 1ms, org.apache.isis.core.runtime.services.command.CommandDtoServiceInternalDefault: #introspectUpTo( TYPE_AND_MEMBERS_INTROSPECTED )
2021-04-17 02:46:15.407 START: workQueue.size: 0, waited for: 997ms, org.apache.isis.core.runtime.services.command.CommandServiceDefault: #introspectUpTo( TYPE_AND_MEMBERS_INTROSPECTED )
2021-04-17 02:46:15.407 END: completed in: 0ms, org.apache.isis.core.runtime.services.command.CommandServiceDefault: #introspectUpTo( TYPE_AND_MEMBERS_INTROSPECTED )
2021-04-17 02:46:15.407 START: workQueue.size: 0, waited for: 997ms, org.apache.isis.core.runtime.services.email.EmailServiceDefault: #introspectUpTo( TYPE_AND_MEMBERS_INTROSPECTED )
2021-04-17 02:46:15.407 END: completed in: 0ms, org.apache.isis.core.runtime.services.email.EmailServiceDefault: #introspectUpTo( TYPE_AND_MEMBERS_INTROSPECTED )
2021-04-17 02:46:15.408 START: workQueue.size: 0, waited for: 998ms, org.apache.isis.core.runtime.services.homepage.HomePageProviderServiceDefault: #introspectUpTo( TYPE_AND_MEMBERS_INTROSPECTED )
2021-04-17 02:46:15.408 END: completed in: 0ms, org.apache.isis.core.runtime.services.homepage.HomePageProviderServiceDefault: #introspectUpTo( TYPE_AND_MEMBERS_INTROSPECTED )
2021-04-17 02:46:15.408 START: workQueue.size: 0, waited for: 998ms, org.apache.isis.core.runtime.services.i18n.po.TranslationServicePo: #introspectUpTo( TYPE_AND_MEMBERS_INTROSPECTED )
2021-04-17 02:46:15.408 END: completed in: 0ms, org.apache.isis.core.runtime.services.i18n.po.TranslationServicePo: #introspectUpTo( TYPE_AND_MEMBERS_INTROSPECTED )
2021-04-17 02:46:15.408 START: workQueue.size: 0, waited for: 998ms, org.apache.isis.core.runtime.services.ixn.InteractionDtoServiceInternalDefault: #introspectUpTo( TYPE_AND_MEMBERS_INTROSPECTED )
2021-04-17 02:46:15.409 END: completed in: 0ms, org.apache.isis.core.runtime.services.ixn.InteractionDtoServiceInternalDefault: #introspectUpTo( TYPE_AND_MEMBERS_INTROSPECTED )
2021-04-17 02:46:15.409 START: workQueue.size: 0, waited for: 999ms, org.apache.isis.core.runtime.services.memento.MementoServiceDefault: #introspectUpTo( TYPE_AND_MEMBERS_INTROSPECTED )
2021-04-17 02:46:15.409 END: completed in: 0ms, org.apache.isis.core.runtime.services.memento.MementoServiceDefault: #introspectUpTo( TYPE_AND_MEMBERS_INTROSPECTED )
2021-04-17 02:46:15.409 START: workQueue.size: 0, waited for: 999ms, org.apache.isis.core.runtime.services.metrics.MetricsServiceDefault: #introspectUpTo( TYPE_AND_MEMBERS_INTROSPECTED )
2021-04-17 02:46:15.409 END: completed in: 0ms, org.apache.isis.core.runtime.services.metrics.MetricsServiceDefault: #introspectUpTo( TYPE_AND_MEMBERS_INTROSPECTED )
2021-04-17 02:46:15.409 START: workQueue.size: 0, waited for: 999ms, org.apache.isis.core.runtime.services.publish.PublishingServiceInternalDefault: #introspectUpTo( TYPE_AND_MEMBERS_INTROSPECTED )
2021-04-17 02:46:15.410 END: completed in: 1ms, org.apache.isis.core.runtime.services.publish.PublishingServiceInternalDefault: #introspectUpTo( TYPE_AND_MEMBERS_INTROSPECTED )
2021-04-17 02:46:15.410 START: workQueue.size: 0, waited for: 1000ms, org.apache.isis.core.runtime.services.sessmgmt.SessionManagementServiceDefault: #introspectUpTo( TYPE_AND_MEMBERS_INTROSPECTED )
2021-04-17 02:46:15.410 END: completed in: 0ms, org.apache.isis.core.runtime.services.sessmgmt.SessionManagementServiceDefault: #introspectUpTo( TYPE_AND_MEMBERS_INTROSPECTED )
2021-04-17 02:46:15.410 START: workQueue.size: 0, waited for: 1000ms, org.apache.isis.core.runtime.services.sudo.SudoServiceDefault: #introspectUpTo( TYPE_AND_MEMBERS_INTROSPECTED )
2021-04-17 02:46:15.410 END: completed in: 0ms, org.apache.isis.core.runtime.services.sudo.SudoServiceDefault: #introspectUpTo( TYPE_AND_MEMBERS_INTROSPECTED )
2021-04-17 02:46:15.411 START: workQueue.size: 0, waited for: 1000ms, org.apache.isis.core.runtime.services.userreg.EmailNotificationServiceDefault: #introspectUpTo( TYPE_AND_MEMBERS_INTROSPECTED )
2021-04-17 02:46:15.411 END: completed in: 1ms, org.apache.isis.core.runtime.services.userreg.EmailNotificationServiceDefault: #introspectUpTo( TYPE_AND_MEMBERS_INTROSPECTED )
2021-04-17 02:46:15.411 START: workQueue.size: 0, waited for: 1001ms, org.apache.isis.core.runtime.services.xmlsnapshot.XmlSnapshotServiceDefault: #introspectUpTo( TYPE_AND_MEMBERS_INTROSPECTED )
2021-04-17 02:46:15.411 END: completed in: 0ms, org.apache.isis.core.runtime.services.xmlsnapshot.XmlSnapshotServiceDefault: #introspectUpTo( TYPE_AND_MEMBERS_INTROSPECTED )
2021-04-17 02:46:15.411 START: workQueue.size: 0, waited for: 1001ms, org.apache.isis.core.wrapper.WrapperFactoryDefault: #introspectUpTo( TYPE_AND_MEMBERS_INTROSPECTED )
2021-04-17 02:46:15.412 END: completed in: 0ms, org.apache.isis.core.wrapper.WrapperFactoryDefault: #introspectUpTo( TYPE_AND_MEMBERS_INTROSPECTED )
2021-04-17 02:46:15.412 START: workQueue.size: 0, waited for: 1002ms, org.apache.isis.objectstore.jdo.applib.service.exceprecog.ExceptionRecognizerCompositeForJdoObjectStore: #introspectUpTo( TYPE_AND_MEMBERS_INTROSPECTED )
2021-04-17 02:46:15.412 END: completed in: 0ms, org.apache.isis.objectstore.jdo.applib.service.exceprecog.ExceptionRecognizerCompositeForJdoObjectStore: #introspectUpTo( TYPE_AND_MEMBERS_INTROSPECTED )
2021-04-17 02:46:15.412 START: workQueue.size: 0, waited for: 1002ms, org.apache.isis.objectstore.jdo.datanucleus.service.support.IsisJdoSupportImpl: #introspectUpTo( TYPE_AND_MEMBERS_INTROSPECTED )
2021-04-17 02:46:15.412 END: completed in: 0ms, org.apache.isis.objectstore.jdo.datanucleus.service.support.IsisJdoSupportImpl: #introspectUpTo( TYPE_AND_MEMBERS_INTROSPECTED )
2021-04-17 02:46:15.412 START: workQueue.size: 0, waited for: 1002ms, org.apache.isis.objectstore.jdo.datanucleus.service.support.TimestampService: #introspectUpTo( TYPE_AND_MEMBERS_INTROSPECTED )
2021-04-17 02:46:15.413 END: completed in: 1ms, org.apache.isis.objectstore.jdo.datanucleus.service.support.TimestampService: #introspectUpTo( TYPE_AND_MEMBERS_INTROSPECTED )
2021-04-17 02:46:15.413 START: workQueue.size: 0, waited for: 1003ms, org.apache.isis.schema.services.jaxb.JaxbServiceDefault: #introspectUpTo( TYPE_AND_MEMBERS_INTROSPECTED )
2021-04-17 02:46:15.413 END: completed in: 0ms, org.apache.isis.schema.services.jaxb.JaxbServiceDefault: #introspectUpTo( TYPE_AND_MEMBERS_INTROSPECTED )
2021-04-17 02:46:15.413 START: workQueue.size: 0, waited for: 1003ms, org.apache.isis.viewer.restfulobjects.rendering.service.RepresentationServiceContentNegotiator: #introspectUpTo( TYPE_AND_MEMBERS_INTROSPECTED )
2021-04-17 02:46:15.413 END: completed in: 0ms, org.apache.isis.viewer.restfulobjects.rendering.service.RepresentationServiceContentNegotiator: #introspectUpTo( TYPE_AND_MEMBERS_INTROSPECTED )
2021-04-17 02:46:15.413 START: workQueue.size: 0, waited for: 1003ms, org.apache.isis.viewer.restfulobjects.rendering.service.RepresentationServiceForRestfulObjects: #introspectUpTo( TYPE_AND_MEMBERS_INTROSPECTED )
2021-04-17 02:46:15.414 END: completed in: 1ms, org.apache.isis.viewer.restfulobjects.rendering.service.RepresentationServiceForRestfulObjects: #introspectUpTo( TYPE_AND_MEMBERS_INTROSPECTED )
2021-04-17 02:46:15.414 START: workQueue.size: 0, waited for: 1004ms, org.apache.isis.viewer.restfulobjects.rendering.service.acceptheader.AcceptHeaderServiceForRest: #introspectUpTo( TYPE_AND_MEMBERS_INTROSPECTED )
2021-04-17 02:46:15.414 END: completed in: 0ms, org.apache.isis.viewer.restfulobjects.rendering.service.acceptheader.AcceptHeaderServiceForRest: #introspectUpTo( TYPE_AND_MEMBERS_INTROSPECTED )
2021-04-17 02:46:15.414 START: workQueue.size: 0, waited for: 1004ms, org.apache.isis.viewer.restfulobjects.rendering.service.conneg.ContentNegotiationServiceForRestfulObjectsV1_0: #introspectUpTo( TYPE_AND_MEMBERS_INTROSPECTED )
2021-04-17 02:46:15.414 END: completed in: 0ms, org.apache.isis.viewer.restfulobjects.rendering.service.conneg.ContentNegotiationServiceForRestfulObjectsV1_0: #introspectUpTo( TYPE_AND_MEMBERS_INTROSPECTED )
2021-04-17 02:46:15.414 START: workQueue.size: 0, waited for: 1004ms, org.apache.isis.viewer.wicket.viewer.services.BookmarkUiServiceWicket: #introspectUpTo( TYPE_AND_MEMBERS_INTROSPECTED )
2021-04-17 02:46:15.415 END: completed in: 1ms, org.apache.isis.viewer.wicket.viewer.services.BookmarkUiServiceWicket: #introspectUpTo( TYPE_AND_MEMBERS_INTROSPECTED )
2021-04-17 02:46:15.415 START: workQueue.size: 0, waited for: 1005ms, org.apache.isis.viewer.wicket.viewer.services.DeepLinkServiceWicket: #introspectUpTo( TYPE_AND_MEMBERS_INTROSPECTED )
2021-04-17 02:46:15.415 END: completed in: 0ms, org.apache.isis.viewer.wicket.viewer.services.DeepLinkServiceWicket: #introspectUpTo( TYPE_AND_MEMBERS_INTROSPECTED )
2021-04-17 02:46:15.415 START: workQueue.size: 0, waited for: 1005ms, org.apache.isis.viewer.wicket.viewer.services.GuiceBeanProviderWicket: #introspectUpTo( TYPE_AND_MEMBERS_INTROSPECTED )
2021-04-17 02:46:15.415 END: completed in: 0ms, org.apache.isis.viewer.wicket.viewer.services.GuiceBeanProviderWicket: #introspectUpTo( TYPE_AND_MEMBERS_INTROSPECTED )
2021-04-17 02:46:15.415 START: workQueue.size: 0, waited for: 1005ms, org.apache.isis.viewer.wicket.viewer.services.HintStoreUsingWicketSession: #introspectUpTo( TYPE_AND_MEMBERS_INTROSPECTED )
2021-04-17 02:46:15.416 START: workQueue.size: 0, waited for: 1006ms, org.apache.isis.viewer.wicket.viewer.services.LocaleProviderWicket: #introspectUpTo( TYPE_AND_MEMBERS_INTROSPECTED )
2021-04-17 02:46:15.416 END: completed in: 0ms, org.apache.isis.viewer.wicket.viewer.services.LocaleProviderWicket: #introspectUpTo( TYPE_AND_MEMBERS_INTROSPECTED )
2021-04-17 02:46:15.416 START: workQueue.size: 0, waited for: 1006ms, org.apache.isis.viewer.wicket.viewer.services.TranslationsResolverWicket: #introspectUpTo( TYPE_AND_MEMBERS_INTROSPECTED )
2021-04-17 02:46:15.416 END: completed in: 0ms, org.apache.isis.viewer.wicket.viewer.services.TranslationsResolverWicket: #introspectUpTo( TYPE_AND_MEMBERS_INTROSPECTED )
2021-04-17 02:46:15.416 END: completed in: 1ms, org.apache.isis.viewer.wicket.viewer.services.HintStoreUsingWicketSession: #introspectUpTo( TYPE_AND_MEMBERS_INTROSPECTED )
2021-04-17 02:46:15.417 join'ing 99 tasks: waited 0 milliseconds 
2021-04-17 02:46:15.417 START: workQueue.size: 0, waited for: 0ms, org.apache.isis.applib.services.layout.Object_openRestApi: #introspectUpTo( TYPE_AND_MEMBERS_INTROSPECTED )
2021-04-17 02:46:15.422 END: completed in: 5ms, org.apache.isis.applib.services.layout.Object_openRestApi: #introspectUpTo( TYPE_AND_MEMBERS_INTROSPECTED )
2021-04-17 02:46:15.422 START: workQueue.size: 0, waited for: 5ms, org.apache.isis.core.metamodel.services.jdosupport.Persistable_datanucleusIdLong: #introspectUpTo( TYPE_AND_MEMBERS_INTROSPECTED )
2021-04-17 02:46:15.426 END: completed in: 4ms, org.apache.isis.core.metamodel.services.jdosupport.Persistable_datanucleusIdLong: #introspectUpTo( TYPE_AND_MEMBERS_INTROSPECTED )
2021-04-17 02:46:15.427 START: workQueue.size: 0, waited for: 10ms, org.apache.isis.core.metamodel.services.jdosupport.Persistable_datanucleusVersionLong: #introspectUpTo( TYPE_AND_MEMBERS_INTROSPECTED )
2021-04-17 02:46:15.429 END: completed in: 2ms, org.apache.isis.core.metamodel.services.jdosupport.Persistable_datanucleusVersionLong: #introspectUpTo( TYPE_AND_MEMBERS_INTROSPECTED )
2021-04-17 02:46:15.429 START: workQueue.size: 0, waited for: 12ms, org.apache.isis.applib.services.dto.Dto_downloadXml: #introspectUpTo( TYPE_AND_MEMBERS_INTROSPECTED )
2021-04-17 02:46:15.432 START: workQueue.size: 0, waited for: 15ms, org.apache.isis.applib.services.bookmark.BookmarkHolder_object: #introspectUpTo( TYPE_AND_MEMBERS_INTROSPECTED )
2021-04-17 02:46:15.435 END: completed in: 3ms, org.apache.isis.applib.services.bookmark.BookmarkHolder_object: #introspectUpTo( TYPE_AND_MEMBERS_INTROSPECTED )
2021-04-17 02:46:15.435 START: workQueue.size: 0, waited for: 18ms, org.apache.isis.applib.services.dto.Dto_downloadXsd: #introspectUpTo( TYPE_AND_MEMBERS_INTROSPECTED )
2021-04-17 02:46:15.454 END: completed in: 19ms, org.apache.isis.applib.services.dto.Dto_downloadXsd: #introspectUpTo( TYPE_AND_MEMBERS_INTROSPECTED )
2021-04-17 02:46:15.454 START: workQueue.size: 0, waited for: 37ms, org.apache.isis.core.metamodel.services.jdosupport.Persistable_datanucleusVersionTimestamp: #introspectUpTo( TYPE_AND_MEMBERS_INTROSPECTED )
2021-04-17 02:46:15.456 END: completed in: 27ms, org.apache.isis.applib.services.dto.Dto_downloadXml: #introspectUpTo( TYPE_AND_MEMBERS_INTROSPECTED )
2021-04-17 02:46:15.460 END: completed in: 6ms, org.apache.isis.core.metamodel.services.jdosupport.Persistable_datanucleusVersionTimestamp: #introspectUpTo( TYPE_AND_MEMBERS_INTROSPECTED )
2021-04-17 02:46:15.460 START: workQueue.size: 0, waited for: 43ms, org.apache.isis.applib.services.layout.Object_rebuildMetamodel: #introspectUpTo( TYPE_AND_MEMBERS_INTROSPECTED )
2021-04-17 02:46:15.463 END: completed in: 3ms, org.apache.isis.applib.services.layout.Object_rebuildMetamodel: #introspectUpTo( TYPE_AND_MEMBERS_INTROSPECTED )
2021-04-17 02:46:15.463 START: workQueue.size: 0, waited for: 46ms, org.apache.isis.applib.services.layout.Object_downloadLayoutXml: #introspectUpTo( TYPE_AND_MEMBERS_INTROSPECTED )
2021-04-17 02:46:15.472 START: workQueue.size: 0, waited for: 55ms, org.apache.isis.viewer.wicket.viewer.services.Object_clearHints: #introspectUpTo( TYPE_AND_MEMBERS_INTROSPECTED )
2021-04-17 02:46:15.472 END: completed in: 9ms, org.apache.isis.applib.services.layout.Object_downloadLayoutXml: #introspectUpTo( TYPE_AND_MEMBERS_INTROSPECTED )
2021-04-17 02:46:15.473 START: workQueue.size: 0, waited for: 56ms, org.apache.isis.applib.services.bookmark.BookmarkHolder_lookup: #introspectUpTo( TYPE_AND_MEMBERS_INTROSPECTED )
2021-04-17 02:46:15.475 END: completed in: 2ms, org.apache.isis.applib.services.bookmark.BookmarkHolder_lookup: #introspectUpTo( TYPE_AND_MEMBERS_INTROSPECTED )
2021-04-17 02:46:15.475 START: workQueue.size: 0, waited for: 58ms, org.apache.isis.core.metamodel.services.jdosupport.Persistable_downloadJdoMetadata: #introspectUpTo( TYPE_AND_MEMBERS_INTROSPECTED )
2021-04-17 02:46:15.479 END: completed in: 4ms, org.apache.isis.core.metamodel.services.jdosupport.Persistable_downloadJdoMetadata: #introspectUpTo( TYPE_AND_MEMBERS_INTROSPECTED )
2021-04-17 02:46:15.481 END: completed in: 8ms, org.apache.isis.viewer.wicket.viewer.services.Object_clearHints: #introspectUpTo( TYPE_AND_MEMBERS_INTROSPECTED )
2021-04-17 02:46:15.481 join'ing 12 tasks: waited 0 milliseconds 
2021-04-17 02:46:15.482 END: completed in: 3073ms, SpecificationLoader#init()
2021-04-17 02:46:16.076 END: completed in: 3668ms, persistenceSessionFactory#init(...)
2021-04-17 02:46:16.076 join'ing 5 tasks: waited 0 milliseconds 
2021-04-17 02:46:16.489 join'ing 3 tasks: waited 0 milliseconds 
